WARNING:tensorflow:From ../rl_server/rl_server_no_training.py:225: The name tf.Session is deprecated. Please use tf.compat.v1.Session instead.

WARNING:tensorflow:From /newhome/pensieve/rl_server/a3c.py:62: The name tf.variable_scope is deprecated. Please use tf.compat.v1.variable_scope instead.

WARNING:tensorflow:From /users/acardoza/venv/lib/python3.6/site-packages/tflearn/initializations.py:165: calling TruncatedNormal.__init__ (from tensorflow.python.ops.init_ops) with dtype is deprecated and will be removed in a future version.
Instructions for updating:
Call initializer instance with the dtype argument instead of passing it to the constructor
WARNING:tensorflow:From /users/acardoza/venv/lib/python3.6/site-packages/tflearn/initializations.py:110: calling UniformUnitScaling.__init__ (from tensorflow.python.ops.init_ops) with dtype is deprecated and will be removed in a future version.
Instructions for updating:
Call initializer instance with the dtype argument instead of passing it to the constructor
WARNING:tensorflow:From /users/acardoza/venv/lib/python3.6/site-packages/tensorflow/python/util/deprecation.py:507: UniformUnitScaling.__init__ (from tensorflow.python.ops.init_ops) is deprecated and will be removed in a future version.
Instructions for updating:
Use tf.initializers.variance_scaling instead with distribution=uniform to get equivalent behavior.
WARNING:tensorflow:From /newhome/pensieve/rl_server/a3c.py:29: The name tf.get_collection is deprecated. Please use tf.compat.v1.get_collection instead.

WARNING:tensorflow:From /newhome/pensieve/rl_server/a3c.py:29: The name tf.GraphKeys is deprecated. Please use tf.compat.v1.GraphKeys instead.

WARNING:tensorflow:From /newhome/pensieve/rl_server/a3c.py:35: The name tf.placeholder is deprecated. Please use tf.compat.v1.placeholder instead.

WARNING:tensorflow:From /newhome/pensieve/rl_server/a3c.py:49: calling reduce_sum_v1 (from tensorflow.python.ops.math_ops) with keep_dims is deprecated and will be removed in a future version.
Instructions for updating:
keep_dims is deprecated, use keepdims instead
WARNING:tensorflow:From /newhome/pensieve/rl_server/a3c.py:58: The name tf.train.RMSPropOptimizer is deprecated. Please use tf.compat.v1.train.RMSPropOptimizer instead.

WARNING:tensorflow:From /users/acardoza/venv/lib/python3.6/site-packages/tensorflow/python/training/rmsprop.py:119: calling Ones.__init__ (from tensorflow.python.ops.init_ops) with dtype is deprecated and will be removed in a future version.
Instructions for updating:
Call initializer instance with the dtype argument instead of passing it to the constructor
WARNING:tensorflow:From /users/acardoza/venv/lib/python3.6/site-packages/tensorflow/python/util/tf_should_use.py:193: initialize_all_variables (from tensorflow.python.ops.variables) is deprecated and will be removed after 2017-03-02.
Instructions for updating:
Use `tf.global_variables_initializer` instead.
WARNING:tensorflow:From ../rl_server/rl_server_no_training.py:235: The name tf.train.Saver is deprecated. Please use tf.compat.v1.train.Saver instead.

WARNING:tensorflow:From /users/acardoza/venv/lib/python3.6/site-packages/tensorflow/python/training/saver.py:1276: checkpoint_exists (from tensorflow.python.training.checkpoint_management) is deprecated and will be removed in a future version.
Instructions for updating:
Use standard file APIs to check for files with this prefix.
INFO:tensorflow:Restoring parameters from ../rl_server/results/pretrain_linear_reward.ckpt
INFO:__main__:Model restored.
INFO:__main__:Listening on port 8333
ERROR:__main__:Keyboard interrupted.
WARNING:tensorflow:From ../rl_server/rl_server_no_training.py:225: The name tf.Session is deprecated. Please use tf.compat.v1.Session instead.

WARNING:tensorflow:From /newhome/pensieve/rl_server/a3c.py:62: The name tf.variable_scope is deprecated. Please use tf.compat.v1.variable_scope instead.

WARNING:tensorflow:From /users/acardoza/venv/lib/python3.6/site-packages/tflearn/initializations.py:165: calling TruncatedNormal.__init__ (from tensorflow.python.ops.init_ops) with dtype is deprecated and will be removed in a future version.
Instructions for updating:
Call initializer instance with the dtype argument instead of passing it to the constructor
WARNING:tensorflow:From /users/acardoza/venv/lib/python3.6/site-packages/tflearn/initializations.py:110: calling UniformUnitScaling.__init__ (from tensorflow.python.ops.init_ops) with dtype is deprecated and will be removed in a future version.
Instructions for updating:
Call initializer instance with the dtype argument instead of passing it to the constructor
WARNING:tensorflow:From /users/acardoza/venv/lib/python3.6/site-packages/tensorflow/python/util/deprecation.py:507: UniformUnitScaling.__init__ (from tensorflow.python.ops.init_ops) is deprecated and will be removed in a future version.
Instructions for updating:
Use tf.initializers.variance_scaling instead with distribution=uniform to get equivalent behavior.
WARNING:tensorflow:From /newhome/pensieve/rl_server/a3c.py:29: The name tf.get_collection is deprecated. Please use tf.compat.v1.get_collection instead.

WARNING:tensorflow:From /newhome/pensieve/rl_server/a3c.py:29: The name tf.GraphKeys is deprecated. Please use tf.compat.v1.GraphKeys instead.

WARNING:tensorflow:From /newhome/pensieve/rl_server/a3c.py:35: The name tf.placeholder is deprecated. Please use tf.compat.v1.placeholder instead.

WARNING:tensorflow:From /newhome/pensieve/rl_server/a3c.py:49: calling reduce_sum_v1 (from tensorflow.python.ops.math_ops) with keep_dims is deprecated and will be removed in a future version.
Instructions for updating:
keep_dims is deprecated, use keepdims instead
WARNING:tensorflow:From /newhome/pensieve/rl_server/a3c.py:58: The name tf.train.RMSPropOptimizer is deprecated. Please use tf.compat.v1.train.RMSPropOptimizer instead.

WARNING:tensorflow:From /users/acardoza/venv/lib/python3.6/site-packages/tensorflow/python/training/rmsprop.py:119: calling Ones.__init__ (from tensorflow.python.ops.init_ops) with dtype is deprecated and will be removed in a future version.
Instructions for updating:
Call initializer instance with the dtype argument instead of passing it to the constructor
WARNING:tensorflow:From /users/acardoza/venv/lib/python3.6/site-packages/tensorflow/python/util/tf_should_use.py:193: initialize_all_variables (from tensorflow.python.ops.variables) is deprecated and will be removed after 2017-03-02.
Instructions for updating:
Use `tf.global_variables_initializer` instead.
WARNING:tensorflow:From ../rl_server/rl_server_no_training.py:235: The name tf.train.Saver is deprecated. Please use tf.compat.v1.train.Saver instead.

WARNING:tensorflow:From /users/acardoza/venv/lib/python3.6/site-packages/tensorflow/python/training/saver.py:1276: checkpoint_exists (from tensorflow.python.training.checkpoint_management) is deprecated and will be removed in a future version.
Instructions for updating:
Use standard file APIs to check for files with this prefix.
INFO:tensorflow:Restoring parameters from ../rl_server/results/pretrain_linear_reward.ckpt
INFO:__main__:Model restored.
INFO:__main__:Listening on port 8333
WARNING:tensorflow:From ../rl_server/rl_server_no_training.py:225: The name tf.Session is deprecated. Please use tf.compat.v1.Session instead.

WARNING:tensorflow:From /newhome/pensieve/rl_server/a3c.py:62: The name tf.variable_scope is deprecated. Please use tf.compat.v1.variable_scope instead.

WARNING:tensorflow:From /users/acardoza/venv/lib/python3.6/site-packages/tflearn/initializations.py:165: calling TruncatedNormal.__init__ (from tensorflow.python.ops.init_ops) with dtype is deprecated and will be removed in a future version.
Instructions for updating:
Call initializer instance with the dtype argument instead of passing it to the constructor
WARNING:tensorflow:From /users/acardoza/venv/lib/python3.6/site-packages/tflearn/initializations.py:110: calling UniformUnitScaling.__init__ (from tensorflow.python.ops.init_ops) with dtype is deprecated and will be removed in a future version.
Instructions for updating:
Call initializer instance with the dtype argument instead of passing it to the constructor
WARNING:tensorflow:From /users/acardoza/venv/lib/python3.6/site-packages/tensorflow/python/util/deprecation.py:507: UniformUnitScaling.__init__ (from tensorflow.python.ops.init_ops) is deprecated and will be removed in a future version.
Instructions for updating:
Use tf.initializers.variance_scaling instead with distribution=uniform to get equivalent behavior.
WARNING:tensorflow:From /newhome/pensieve/rl_server/a3c.py:29: The name tf.get_collection is deprecated. Please use tf.compat.v1.get_collection instead.

WARNING:tensorflow:From /newhome/pensieve/rl_server/a3c.py:29: The name tf.GraphKeys is deprecated. Please use tf.compat.v1.GraphKeys instead.

WARNING:tensorflow:From /newhome/pensieve/rl_server/a3c.py:35: The name tf.placeholder is deprecated. Please use tf.compat.v1.placeholder instead.

WARNING:tensorflow:From /newhome/pensieve/rl_server/a3c.py:49: calling reduce_sum_v1 (from tensorflow.python.ops.math_ops) with keep_dims is deprecated and will be removed in a future version.
Instructions for updating:
keep_dims is deprecated, use keepdims instead
WARNING:tensorflow:From /newhome/pensieve/rl_server/a3c.py:58: The name tf.train.RMSPropOptimizer is deprecated. Please use tf.compat.v1.train.RMSPropOptimizer instead.

WARNING:tensorflow:From /users/acardoza/venv/lib/python3.6/site-packages/tensorflow/python/training/rmsprop.py:119: calling Ones.__init__ (from tensorflow.python.ops.init_ops) with dtype is deprecated and will be removed in a future version.
Instructions for updating:
Call initializer instance with the dtype argument instead of passing it to the constructor
WARNING:tensorflow:From /users/acardoza/venv/lib/python3.6/site-packages/tensorflow/python/util/tf_should_use.py:193: initialize_all_variables (from tensorflow.python.ops.variables) is deprecated and will be removed after 2017-03-02.
Instructions for updating:
Use `tf.global_variables_initializer` instead.
WARNING:tensorflow:From ../rl_server/rl_server_no_training.py:235: The name tf.train.Saver is deprecated. Please use tf.compat.v1.train.Saver instead.

WARNING:tensorflow:From /users/acardoza/venv/lib/python3.6/site-packages/tensorflow/python/training/saver.py:1276: checkpoint_exists (from tensorflow.python.training.checkpoint_management) is deprecated and will be removed in a future version.
Instructions for updating:
Use standard file APIs to check for files with this prefix.
INFO:tensorflow:Restoring parameters from ../rl_server/results/pretrain_linear_reward.ckpt
INFO:__main__:Model restored.
INFO:__main__:Listening on port 8333
ERROR:__main__:Keyboard interrupted.
WARNING:tensorflow:From ../rl_server/rl_server_no_training.py:225: The name tf.Session is deprecated. Please use tf.compat.v1.Session instead.

WARNING:tensorflow:From /newhome/pensieve/rl_server/a3c.py:62: The name tf.variable_scope is deprecated. Please use tf.compat.v1.variable_scope instead.

WARNING:tensorflow:From /users/acardoza/venv/lib/python3.6/site-packages/tflearn/initializations.py:165: calling TruncatedNormal.__init__ (from tensorflow.python.ops.init_ops) with dtype is deprecated and will be removed in a future version.
Instructions for updating:
Call initializer instance with the dtype argument instead of passing it to the constructor
WARNING:tensorflow:From /users/acardoza/venv/lib/python3.6/site-packages/tflearn/initializations.py:110: calling UniformUnitScaling.__init__ (from tensorflow.python.ops.init_ops) with dtype is deprecated and will be removed in a future version.
Instructions for updating:
Call initializer instance with the dtype argument instead of passing it to the constructor
WARNING:tensorflow:From /users/acardoza/venv/lib/python3.6/site-packages/tensorflow/python/util/deprecation.py:507: UniformUnitScaling.__init__ (from tensorflow.python.ops.init_ops) is deprecated and will be removed in a future version.
Instructions for updating:
Use tf.initializers.variance_scaling instead with distribution=uniform to get equivalent behavior.
WARNING:tensorflow:From /newhome/pensieve/rl_server/a3c.py:29: The name tf.get_collection is deprecated. Please use tf.compat.v1.get_collection instead.

WARNING:tensorflow:From /newhome/pensieve/rl_server/a3c.py:29: The name tf.GraphKeys is deprecated. Please use tf.compat.v1.GraphKeys instead.

WARNING:tensorflow:From /newhome/pensieve/rl_server/a3c.py:35: The name tf.placeholder is deprecated. Please use tf.compat.v1.placeholder instead.

WARNING:tensorflow:From /newhome/pensieve/rl_server/a3c.py:49: calling reduce_sum_v1 (from tensorflow.python.ops.math_ops) with keep_dims is deprecated and will be removed in a future version.
Instructions for updating:
keep_dims is deprecated, use keepdims instead
WARNING:tensorflow:From /newhome/pensieve/rl_server/a3c.py:58: The name tf.train.RMSPropOptimizer is deprecated. Please use tf.compat.v1.train.RMSPropOptimizer instead.

WARNING:tensorflow:From /users/acardoza/venv/lib/python3.6/site-packages/tensorflow/python/training/rmsprop.py:119: calling Ones.__init__ (from tensorflow.python.ops.init_ops) with dtype is deprecated and will be removed in a future version.
Instructions for updating:
Call initializer instance with the dtype argument instead of passing it to the constructor
WARNING:tensorflow:From /users/acardoza/venv/lib/python3.6/site-packages/tensorflow/python/util/tf_should_use.py:193: initialize_all_variables (from tensorflow.python.ops.variables) is deprecated and will be removed after 2017-03-02.
Instructions for updating:
Use `tf.global_variables_initializer` instead.
WARNING:tensorflow:From ../rl_server/rl_server_no_training.py:235: The name tf.train.Saver is deprecated. Please use tf.compat.v1.train.Saver instead.

WARNING:tensorflow:From /users/acardoza/venv/lib/python3.6/site-packages/tensorflow/python/training/saver.py:1276: checkpoint_exists (from tensorflow.python.training.checkpoint_management) is deprecated and will be removed in a future version.
Instructions for updating:
Use standard file APIs to check for files with this prefix.
INFO:tensorflow:Restoring parameters from ../rl_server/results/pretrain_linear_reward.ckpt
INFO:__main__:Model restored.
INFO:__main__:Listening on port 8333
ERROR:__main__:Keyboard interrupted.
WARNING:tensorflow:From ../rl_server/rl_server_no_training.py:225: The name tf.Session is deprecated. Please use tf.compat.v1.Session instead.

WARNING:tensorflow:From /newhome/pensieve/rl_server/a3c.py:62: The name tf.variable_scope is deprecated. Please use tf.compat.v1.variable_scope instead.

WARNING:tensorflow:From /users/acardoza/venv/lib/python3.6/site-packages/tflearn/initializations.py:165: calling TruncatedNormal.__init__ (from tensorflow.python.ops.init_ops) with dtype is deprecated and will be removed in a future version.
Instructions for updating:
Call initializer instance with the dtype argument instead of passing it to the constructor
WARNING:tensorflow:From /users/acardoza/venv/lib/python3.6/site-packages/tflearn/initializations.py:110: calling UniformUnitScaling.__init__ (from tensorflow.python.ops.init_ops) with dtype is deprecated and will be removed in a future version.
Instructions for updating:
Call initializer instance with the dtype argument instead of passing it to the constructor
WARNING:tensorflow:From /users/acardoza/venv/lib/python3.6/site-packages/tensorflow/python/util/deprecation.py:507: UniformUnitScaling.__init__ (from tensorflow.python.ops.init_ops) is deprecated and will be removed in a future version.
Instructions for updating:
Use tf.initializers.variance_scaling instead with distribution=uniform to get equivalent behavior.
WARNING:tensorflow:From /newhome/pensieve/rl_server/a3c.py:29: The name tf.get_collection is deprecated. Please use tf.compat.v1.get_collection instead.

WARNING:tensorflow:From /newhome/pensieve/rl_server/a3c.py:29: The name tf.GraphKeys is deprecated. Please use tf.compat.v1.GraphKeys instead.

WARNING:tensorflow:From /newhome/pensieve/rl_server/a3c.py:35: The name tf.placeholder is deprecated. Please use tf.compat.v1.placeholder instead.

WARNING:tensorflow:From /newhome/pensieve/rl_server/a3c.py:49: calling reduce_sum_v1 (from tensorflow.python.ops.math_ops) with keep_dims is deprecated and will be removed in a future version.
Instructions for updating:
keep_dims is deprecated, use keepdims instead
WARNING:tensorflow:From /newhome/pensieve/rl_server/a3c.py:58: The name tf.train.RMSPropOptimizer is deprecated. Please use tf.compat.v1.train.RMSPropOptimizer instead.

WARNING:tensorflow:From /users/acardoza/venv/lib/python3.6/site-packages/tensorflow/python/training/rmsprop.py:119: calling Ones.__init__ (from tensorflow.python.ops.init_ops) with dtype is deprecated and will be removed in a future version.
Instructions for updating:
Call initializer instance with the dtype argument instead of passing it to the constructor
WARNING:tensorflow:From /users/acardoza/venv/lib/python3.6/site-packages/tensorflow/python/util/tf_should_use.py:193: initialize_all_variables (from tensorflow.python.ops.variables) is deprecated and will be removed after 2017-03-02.
Instructions for updating:
Use `tf.global_variables_initializer` instead.
WARNING:tensorflow:From ../rl_server/rl_server_no_training.py:235: The name tf.train.Saver is deprecated. Please use tf.compat.v1.train.Saver instead.

WARNING:tensorflow:From /users/acardoza/venv/lib/python3.6/site-packages/tensorflow/python/training/saver.py:1276: checkpoint_exists (from tensorflow.python.training.checkpoint_management) is deprecated and will be removed in a future version.
Instructions for updating:
Use standard file APIs to check for files with this prefix.
INFO:tensorflow:Restoring parameters from ../rl_server/results/pretrain_linear_reward.ckpt
INFO:__main__:Model restored.
INFO:__main__:Listening on port 8333
ERROR:__main__:Keyboard interrupted.
WARNING:tensorflow:From ../rl_server/rl_server_no_training.py:225: The name tf.Session is deprecated. Please use tf.compat.v1.Session instead.

WARNING:tensorflow:From /newhome/pensieve/rl_server/a3c.py:62: The name tf.variable_scope is deprecated. Please use tf.compat.v1.variable_scope instead.

WARNING:tensorflow:From /users/acardoza/venv/lib/python3.6/site-packages/tflearn/initializations.py:165: calling TruncatedNormal.__init__ (from tensorflow.python.ops.init_ops) with dtype is deprecated and will be removed in a future version.
Instructions for updating:
Call initializer instance with the dtype argument instead of passing it to the constructor
WARNING:tensorflow:From /users/acardoza/venv/lib/python3.6/site-packages/tflearn/initializations.py:110: calling UniformUnitScaling.__init__ (from tensorflow.python.ops.init_ops) with dtype is deprecated and will be removed in a future version.
Instructions for updating:
Call initializer instance with the dtype argument instead of passing it to the constructor
WARNING:tensorflow:From /users/acardoza/venv/lib/python3.6/site-packages/tensorflow/python/util/deprecation.py:507: UniformUnitScaling.__init__ (from tensorflow.python.ops.init_ops) is deprecated and will be removed in a future version.
Instructions for updating:
Use tf.initializers.variance_scaling instead with distribution=uniform to get equivalent behavior.
WARNING:tensorflow:From /newhome/pensieve/rl_server/a3c.py:29: The name tf.get_collection is deprecated. Please use tf.compat.v1.get_collection instead.

WARNING:tensorflow:From /newhome/pensieve/rl_server/a3c.py:29: The name tf.GraphKeys is deprecated. Please use tf.compat.v1.GraphKeys instead.

WARNING:tensorflow:From /newhome/pensieve/rl_server/a3c.py:35: The name tf.placeholder is deprecated. Please use tf.compat.v1.placeholder instead.

WARNING:tensorflow:From /newhome/pensieve/rl_server/a3c.py:49: calling reduce_sum_v1 (from tensorflow.python.ops.math_ops) with keep_dims is deprecated and will be removed in a future version.
Instructions for updating:
keep_dims is deprecated, use keepdims instead
WARNING:tensorflow:From /newhome/pensieve/rl_server/a3c.py:58: The name tf.train.RMSPropOptimizer is deprecated. Please use tf.compat.v1.train.RMSPropOptimizer instead.

WARNING:tensorflow:From /users/acardoza/venv/lib/python3.6/site-packages/tensorflow/python/training/rmsprop.py:119: calling Ones.__init__ (from tensorflow.python.ops.init_ops) with dtype is deprecated and will be removed in a future version.
Instructions for updating:
Call initializer instance with the dtype argument instead of passing it to the constructor
WARNING:tensorflow:From /users/acardoza/venv/lib/python3.6/site-packages/tensorflow/python/util/tf_should_use.py:193: initialize_all_variables (from tensorflow.python.ops.variables) is deprecated and will be removed after 2017-03-02.
Instructions for updating:
Use `tf.global_variables_initializer` instead.
WARNING:tensorflow:From ../rl_server/rl_server_no_training.py:235: The name tf.train.Saver is deprecated. Please use tf.compat.v1.train.Saver instead.

WARNING:tensorflow:From /users/acardoza/venv/lib/python3.6/site-packages/tensorflow/python/training/saver.py:1276: checkpoint_exists (from tensorflow.python.training.checkpoint_management) is deprecated and will be removed in a future version.
Instructions for updating:
Use standard file APIs to check for files with this prefix.
INFO:tensorflow:Restoring parameters from ../rl_server/results/pretrain_linear_reward.ckpt
INFO:__main__:Model restored.
INFO:__main__:Listening on port 8333
INFO:__main__:{'nextChunkSize': [2123065, 1431809, 957685, 611087, 398865, 155580], 'lastquality': 1, 'buffer': 4, 'bufferAdjusted': -0.5499999999999998, 'bandwidthEst': 36022.64, 'lastRequest': 0, 'RebufferTime': 17, 'lastChunkFinishTime': 1656818489269, 'lastChunkStartTime': 1656818489267, 'lastChunkSize': 450283}
INFO:__main__:{'nextChunkSize': [2177073, 1300868, 877771, 571051, 350812, 139857], 'lastquality': 5, 'buffer': 7.885491, 'bufferAdjusted': 3.3354909999999993, 'bandwidthEst': 59438.837026006586, 'lastRequest': 1, 'RebufferTime': 17, 'lastChunkFinishTime': 1656818489375, 'lastChunkStartTime': 1656818489365, 'lastChunkSize': 2123065}
INFO:__main__:{'nextChunkSize': [2160877, 1520281, 933276, 617681, 382355, 155432], 'lastquality': 5, 'buffer': 11.847634, 'bufferAdjusted': 7.297633999999999, 'bandwidthEst': 76162.06577238125, 'lastRequest': 2, 'RebufferTime': 17, 'lastChunkFinishTime': 1656818489420, 'lastChunkStartTime': 1656818489409, 'lastChunkSize': 2177073}
INFO:__main__:{'nextChunkSize': [2233056, 1472558, 996749, 652874, 411561, 163442], 'lastquality': 5, 'buffer': 15.808260999999998, 'bufferAdjusted': 11.258260999999997, 'bandwidthEst': 88545.77158671166, 'lastRequest': 3, 'RebufferTime': 17, 'lastChunkFinishTime': 1656818489457, 'lastChunkStartTime': 1656818489446, 'lastChunkSize': 2160877}
INFO:__main__:{'nextChunkSize': [1941625, 1224260, 801058, 520315, 318564, 126289], 'lastquality': 5, 'buffer': 19.763789999999997, 'bufferAdjusted': 15.21379, 'bandwidthEst': 98479.30951990238, 'lastRequest': 4, 'RebufferTime': 17, 'lastChunkFinishTime': 1656818489498, 'lastChunkStartTime': 1656818489486, 'lastChunkSize': 2233056}
INFO:__main__:{'nextChunkSize': [2157535, 1388403, 905515, 561791, 352642, 153295], 'lastquality': 5, 'buffer': 23.724019, 'bufferAdjusted': 19.174019, 'bandwidthEst': 169781.17179045072, 'lastRequest': 5, 'RebufferTime': 17, 'lastChunkFinishTime': 1656818489541, 'lastChunkStartTime': 1656818489531, 'lastChunkSize': 1941625}
INFO:__main__:{'nextChunkSize': [2290172, 1638769, 1060487, 709534, 437162, 173849], 'lastquality': 5, 'buffer': 27.683328, 'bufferAdjusted': 23.133328000000002, 'bandwidthEst': 170325.20900556562, 'lastRequest': 6, 'RebufferTime': 17, 'lastChunkFinishTime': 1656818489582, 'lastChunkStartTime': 1656818489570, 'lastChunkSize': 2157535}
INFO:__main__:{'nextChunkSize': [2055469, 1348011, 852833, 584846, 374758, 150710], 'lastquality': 5, 'buffer': 31.640818999999997, 'bufferAdjusted': 27.090819, 'bandwidthEst': 171986.44306478256, 'lastRequest': 7, 'RebufferTime': 17, 'lastChunkFinishTime': 1656818489624, 'lastChunkStartTime': 1656818489612, 'lastChunkSize': 2290172}
INFO:__main__:{'nextChunkSize': [2169201, 1429765, 913888, 560821, 362795, 139105], 'lastquality': 5, 'buffer': 35.601183999999996, 'bufferAdjusted': 31.051184, 'bandwidthEst': 170249.23440366762, 'lastRequest': 8, 'RebufferTime': 17, 'lastChunkFinishTime': 1656818489664, 'lastChunkStartTime': 1656818489653, 'lastChunkSize': 2055469}
INFO:__main__:{'nextChunkSize': [2173522, 1354548, 939819, 607410, 353220, 141840], 'lastquality': 5, 'buffer': 39.560632, 'bufferAdjusted': 35.010632, 'bandwidthEst': 169299.33867056607, 'lastRequest': 9, 'RebufferTime': 17, 'lastChunkFinishTime': 1656818489704, 'lastChunkStartTime': 1656818489693, 'lastChunkSize': 2169201}
INFO:__main__:{'nextChunkSize': [2102452, 1519951, 917428, 594078, 405134, 156148], 'lastquality': 5, 'buffer': 43.520215, 'bufferAdjusted': 38.970215, 'bandwidthEst': 173330.55526620633, 'lastRequest': 10, 'RebufferTime': 17, 'lastChunkFinishTime': 1656818489745, 'lastChunkStartTime': 1656818489734, 'lastChunkSize': 2173522}
INFO:__main__:{'nextChunkSize': [2209463, 1422919, 946851, 624282, 386351, 160746], 'lastquality': 5, 'buffer': 47.47994, 'bufferAdjusted': 42.92994, 'bandwidthEst': 172423.26833297373, 'lastRequest': 11, 'RebufferTime': 17, 'lastChunkFinishTime': 1656818489785, 'lastChunkStartTime': 1656818489774, 'lastChunkSize': 2102452}
INFO:__main__:{'nextChunkSize': [2275376, 1578343, 1036454, 687371, 434409, 179801], 'lastquality': 5, 'buffer': 51.439299999999996, 'bufferAdjusted': 46.8893, 'bandwidthEst': 171245.8707972757, 'lastRequest': 12, 'RebufferTime': 17, 'lastChunkFinishTime': 1656818489826, 'lastChunkStartTime': 1656818489814, 'lastChunkSize': 2209463}
INFO:__main__:{'nextChunkSize': [2005399, 1231445, 821631, 526950, 337059, 140051], 'lastquality': 5, 'buffer': 55.398654, 'bufferAdjusted': 50.848654, 'bandwidthEst': 174763.79545928404, 'lastRequest': 13, 'RebufferTime': 17, 'lastChunkFinishTime': 1656818489866, 'lastChunkStartTime': 1656818489855, 'lastChunkSize': 2275376}
INFO:__main__:{'nextChunkSize': [2152483, 1471065, 923170, 587876, 366214, 138313], 'lastquality': 5, 'buffer': 59.358593, 'bufferAdjusted': 54.808593, 'bandwidthEst': 171935.17408040512, 'lastRequest': 14, 'RebufferTime': 17, 'lastChunkFinishTime': 1656818489907, 'lastChunkStartTime': 1656818489896, 'lastChunkSize': 2005399}
INFO:__main__:{'nextChunkSize': [2289689, 1491626, 966699, 617242, 360831, 143509], 'lastquality': 5, 'buffer': 59.920655, 'bufferAdjusted': 55.370655, 'bandwidthEst': 171603.4689968361, 'lastRequest': 15, 'RebufferTime': 17, 'lastChunkFinishTime': 1656818489947, 'lastChunkStartTime': 1656818489936, 'lastChunkSize': 2152483}
INFO:__main__:{'nextChunkSize': [2059512, 1358801, 885714, 581493, 372963, 150616], 'lastquality': 5, 'buffer': 59.917659, 'bufferAdjusted': 55.367659, 'bandwidthEst': 174515.45342649095, 'lastRequest': 16, 'RebufferTime': 17, 'lastChunkFinishTime': 1656818493503, 'lastChunkStartTime': 1656818493492, 'lastChunkSize': 2289689}
INFO:__main__:{'nextChunkSize': [2220726, 1537156, 987708, 639204, 405596, 165384], 'lastquality': 5, 'buffer': 59.914895, 'bufferAdjusted': 55.364895000000004, 'bandwidthEst': 172041.98343486103, 'lastRequest': 17, 'RebufferTime': 17, 'lastChunkFinishTime': 1656818497557, 'lastChunkStartTime': 1656818497547, 'lastChunkSize': 2059512}
INFO:__main__:{'nextChunkSize': [2156729, 1336050, 923755, 586839, 350713, 140881], 'lastquality': 5, 'buffer': 59.661924, 'bufferAdjusted': 55.111924, 'bandwidthEst': 171245.3924983071, 'lastRequest': 18, 'RebufferTime': 17, 'lastChunkFinishTime': 1656818501620, 'lastChunkStartTime': 1656818501609, 'lastChunkSize': 2220726}
INFO:__main__:{'nextChunkSize': [2039773, 1415116, 891604, 601738, 386472, 157671], 'lastquality': 5, 'buffer': 59.659144, 'bufferAdjusted': 55.109144, 'bandwidthEst': 173849.51279130066, 'lastRequest': 19, 'RebufferTime': 17, 'lastChunkFinishTime': 1656818505672, 'lastChunkStartTime': 1656818505662, 'lastChunkSize': 2156729}
INFO:__main__:{'nextChunkSize': [2176469, 1468126, 955231, 616206, 399894, 157812], 'lastquality': 5, 'buffer': 59.656282, 'bufferAdjusted': 55.106282, 'bandwidthEst': 171931.24525945933, 'lastRequest': 20, 'RebufferTime': 17, 'lastChunkFinishTime': 1656818509724, 'lastChunkStartTime': 1656818509714, 'lastChunkSize': 2039773}
INFO:__main__:{'nextChunkSize': [2221506, 1505760, 968026, 656471, 401853, 163927], 'lastquality': 5, 'buffer': 59.653461, 'bufferAdjusted': 55.103461, 'bandwidthEst': 170268.50919015484, 'lastRequest': 21, 'RebufferTime': 17, 'lastChunkFinishTime': 1656818513773, 'lastChunkStartTime': 1656818513763, 'lastChunkSize': 2176469}
INFO:__main__:{'nextChunkSize': [2044075, 1323990, 874175, 536667, 343800, 137654], 'lastquality': 5, 'buffer': 59.650576, 'bufferAdjusted': 55.100576000000004, 'bandwidthEst': 172874.0096813565, 'lastRequest': 22, 'RebufferTime': 17, 'lastChunkFinishTime': 1656818517824, 'lastChunkStartTime': 1656818517813, 'lastChunkSize': 2221506}
INFO:__main__:{'nextChunkSize': [2186790, 1383735, 897976, 587236, 359903, 146754], 'lastquality': 5, 'buffer': 59.891977, 'bufferAdjusted': 55.341977, 'bandwidthEst': 170014.5751028835, 'lastRequest': 23, 'RebufferTime': 17, 'lastChunkFinishTime': 1656818521877, 'lastChunkStartTime': 1656818521867, 'lastChunkSize': 2044075}
INFO:__main__:{'nextChunkSize': [2105231, 1480464, 905935, 590335, 379700, 153938], 'lastquality': 5, 'buffer': 59.889154999999995, 'bufferAdjusted': 55.339155, 'bandwidthEst': 170476.4147713576, 'lastRequest': 24, 'RebufferTime': 17, 'lastChunkFinishTime': 1656818525430, 'lastChunkStartTime': 1656818525419, 'lastChunkSize': 2186790}
INFO:__main__:{'nextChunkSize': [2395588, 1547572, 1076599, 696376, 425781, 181901], 'lastquality': 5, 'buffer': 59.886179, 'bufferAdjusted': 55.336179, 'bandwidthEst': 171591.17223714766, 'lastRequest': 25, 'RebufferTime': 17, 'lastChunkFinishTime': 1656818529480, 'lastChunkStartTime': 1656818529469, 'lastChunkSize': 2105231}
INFO:__main__:{'nextChunkSize': [1972048, 1141971, 758197, 487160, 277716, 111155], 'lastquality': 5, 'buffer': 59.883480999999996, 'bufferAdjusted': 55.333481, 'bandwidthEst': 174741.43123647256, 'lastRequest': 26, 'RebufferTime': 17, 'lastChunkFinishTime': 1656818533533, 'lastChunkStartTime': 1656818533521, 'lastChunkSize': 2395588}
INFO:__main__:{'nextChunkSize': [2134614, 1498470, 972798, 622896, 400396, 153605], 'lastquality': 5, 'buffer': 59.880491, 'bufferAdjusted': 55.330491, 'bandwidthEst': 170500.1875870674, 'lastRequest': 27, 'RebufferTime': 17, 'lastChunkFinishTime': 1656818537584, 'lastChunkStartTime': 1656818537574, 'lastChunkSize': 1972048}
INFO:__main__:{'nextChunkSize': [2164140, 1561263, 975811, 641447, 400508, 149029], 'lastquality': 5, 'buffer': 59.627086, 'bufferAdjusted': 55.077086, 'bandwidthEst': 172021.67214208364, 'lastRequest': 28, 'RebufferTime': 17, 'lastChunkFinishTime': 1656818541634, 'lastChunkStartTime': 1656818541624, 'lastChunkSize': 2134614}
INFO:__main__:{'nextChunkSize': [2113193, 1341201, 873429, 570392, 358218, 157421], 'lastquality': 5, 'buffer': 59.623944, 'bufferAdjusted': 55.073944000000004, 'bandwidthEst': 171668.33512058636, 'lastRequest': 29, 'RebufferTime': 17, 'lastChunkFinishTime': 1656818545687, 'lastChunkStartTime': 1656818545677, 'lastChunkSize': 2164140}
INFO:__main__:{'nextChunkSize': [2147852, 1497683, 954453, 620283, 400322, 157488], 'lastquality': 5, 'buffer': 59.621404, 'bufferAdjusted': 55.071404, 'bandwidthEst': 171800.29361720083, 'lastRequest': 30, 'RebufferTime': 17, 'lastChunkFinishTime': 1656818549736, 'lastChunkStartTime': 1656818549726, 'lastChunkSize': 2113193}
INFO:__main__:{'nextChunkSize': [2191074, 1358081, 885062, 584349, 369834, 143881], 'lastquality': 5, 'buffer': 59.61867500000001, 'bufferAdjusted': 55.06867500000001, 'bandwidthEst': 168319.55725564627, 'lastRequest': 31, 'RebufferTime': 17, 'lastChunkFinishTime': 1656818553798, 'lastChunkStartTime': 1656818553787, 'lastChunkSize': 2147852}
INFO:__main__:{'nextChunkSize': [2286761, 1587293, 1035329, 670129, 412837, 163444], 'lastquality': 5, 'buffer': 59.60493000000001, 'bufferAdjusted': 55.05493000000001, 'bandwidthEst': 171988.10473671122, 'lastRequest': 32, 'RebufferTime': 17, 'lastChunkFinishTime': 1656818557848, 'lastChunkStartTime': 1656818557837, 'lastChunkSize': 2191074}
INFO:__main__:{'nextChunkSize': [2307787, 1492672, 1026056, 690253, 401088, 179328], 'lastquality': 5, 'buffer': 59.852210000000014, 'bufferAdjusted': 55.30221000000002, 'bandwidthEst': 174324.3571057872, 'lastRequest': 33, 'RebufferTime': 17, 'lastChunkFinishTime': 1656818561901, 'lastChunkStartTime': 1656818561890, 'lastChunkSize': 2286761}
INFO:__main__:{'nextChunkSize': [2143948, 1439896, 943942, 598727, 365161, 159914], 'lastquality': 5, 'buffer': 59.84946400000001, 'bufferAdjusted': 55.299464000000015, 'bandwidthEst': 176537.1959715611, 'lastRequest': 34, 'RebufferTime': 17, 'lastChunkFinishTime': 1656818565459, 'lastChunkStartTime': 1656818565447, 'lastChunkSize': 2307787}
INFO:__main__:{'nextChunkSize': [1919781, 1139291, 728962, 487812, 321064, 131610], 'lastquality': 5, 'buffer': 59.84660200000002, 'bufferAdjusted': 55.29660200000002, 'bandwidthEst': 177067.68678413742, 'lastRequest': 35, 'RebufferTime': 17, 'lastChunkFinishTime': 1656818569509, 'lastChunkStartTime': 1656818569499, 'lastChunkSize': 2143948}
INFO:__main__:{'nextChunkSize': [2147467, 1499009, 938587, 575591, 361565, 124011], 'lastquality': 5, 'buffer': 59.84378500000001, 'bufferAdjusted': 55.293785000000014, 'bandwidthEst': 172835.866473317, 'lastRequest': 36, 'RebufferTime': 17, 'lastChunkFinishTime': 1656818573561, 'lastChunkStartTime': 1656818573551, 'lastChunkSize': 1919781}
INFO:__main__:{'nextChunkSize': [2133870, 1427478, 908665, 605884, 378327, 144254], 'lastquality': 5, 'buffer': 59.84098800000001, 'bufferAdjusted': 55.29098800000001, 'bandwidthEst': 172146.5085614501, 'lastRequest': 37, 'RebufferTime': 17, 'lastChunkFinishTime': 1656818577609, 'lastChunkStartTime': 1656818577599, 'lastChunkSize': 2147467}
INFO:__main__:{'nextChunkSize': [2146120, 1402287, 930577, 587506, 390680, 149991], 'lastquality': 5, 'buffer': 59.83824600000001, 'bufferAdjusted': 55.288246000000015, 'bandwidthEst': 169856.10206076797, 'lastRequest': 38, 'RebufferTime': 17, 'lastChunkFinishTime': 1656818581662, 'lastChunkStartTime': 1656818581657, 'lastChunkSize': 2133870}
INFO:__main__:{'nextChunkSize': [2108491, 1339500, 858450, 566904, 345516, 147968], 'lastquality': 5, 'buffer': 59.57556100000001, 'bufferAdjusted': 55.02556100000001, 'bandwidthEst': 167533.92368303493, 'lastRequest': 39, 'RebufferTime': 17, 'lastChunkFinishTime': 1656818585713, 'lastChunkStartTime': 1656818585703, 'lastChunkSize': 2146120}
INFO:__main__:{'nextChunkSize': [2184571, 1527299, 1025005, 641452, 384505, 161857], 'lastquality': 5, 'buffer': 59.57266700000001, 'bufferAdjusted': 55.02266700000001, 'bandwidthEst': 166985.34728214884, 'lastRequest': 40, 'RebufferTime': 17, 'lastChunkFinishTime': 1656818590425, 'lastChunkStartTime': 1656818590415, 'lastChunkSize': 2108491}
INFO:__main__:{'nextChunkSize': [2121928, 1343002, 886255, 599477, 372093, 145210], 'lastquality': 5, 'buffer': 59.56981600000002, 'bufferAdjusted': 55.01981600000002, 'bandwidthEst': 171505.78909239123, 'lastRequest': 41, 'RebufferTime': 17, 'lastChunkFinishTime': 1656818594476, 'lastChunkStartTime': 1656818594465, 'lastChunkSize': 2184571}
INFO:__main__:{'nextChunkSize': [2219102, 1587250, 973972, 634861, 438281, 172312], 'lastquality': 5, 'buffer': 59.56699000000002, 'bufferAdjusted': 55.01699000000002, 'bandwidthEst': 171094.63753798805, 'lastRequest': 42, 'RebufferTime': 17, 'lastChunkFinishTime': 1656818598529, 'lastChunkStartTime': 1656818598519, 'lastChunkSize': 2121928}
INFO:__main__:{'nextChunkSize': [2124950, 1464921, 958994, 630203, 398987, 167025], 'lastquality': 5, 'buffer': 59.564183000000014, 'bufferAdjusted': 55.01418300000002, 'bandwidthEst': 172422.11399978455, 'lastRequest': 43, 'RebufferTime': 17, 'lastChunkFinishTime': 1656818602581, 'lastChunkStartTime': 1656818602570, 'lastChunkSize': 2219102}
INFO:__main__:{'nextChunkSize': [2246506, 1483527, 982064, 638661, 393804, 160064], 'lastquality': 5, 'buffer': 59.81162800000001, 'bufferAdjusted': 55.261628000000016, 'bandwidthEst': 172077.7831635421, 'lastRequest': 44, 'RebufferTime': 17, 'lastChunkFinishTime': 1656818606630, 'lastChunkStartTime': 1656818606620, 'lastChunkSize': 2124950}
INFO:__main__:{'nextChunkSize': [1961140, 1231456, 830730, 538612, 331053, 137507], 'lastquality': 5, 'buffer': 59.80879900000001, 'bufferAdjusted': 55.25879900000001, 'bandwidthEst': 174262.0952964974, 'lastRequest': 45, 'RebufferTime': 17, 'lastChunkFinishTime': 1656818610175, 'lastChunkStartTime': 1656818610164, 'lastChunkSize': 2246506}
INFO:__main__:{'nextChunkSize': [2155012, 1364537, 846370, 550906, 314107, 118421], 'lastquality': 5, 'buffer': 59.806025000000005, 'bufferAdjusted': 55.25602500000001, 'bandwidthEst': 170390.7873642862, 'lastRequest': 46, 'RebufferTime': 17, 'lastChunkFinishTime': 1656818614228, 'lastChunkStartTime': 1656818614218, 'lastChunkSize': 1961140}
INFO:__main__:{'nextChunkSize': [1433658, 889412, 598850, 391450, 255954, 112270], 'lastquality': 5, 'buffer': 59.803477000000015, 'bufferAdjusted': 55.25347700000002, 'bandwidthEst': 170917.5445140413, 'lastRequest': 47, 'RebufferTime': 17, 'lastChunkFinishTime': 1656818618281, 'lastChunkStartTime': 1656818618270, 'lastChunkSize': 2155012}
INFO:__main__:{'nextChunkSize': 0, 'lastquality': 5, 'buffer': 59.98245399999999, 'bufferAdjusted': 55.43245399999999, 'bandwidthEst': 154607.688061976, 'lastRequest': 48, 'RebufferTime': 17, 'lastChunkFinishTime': 1656818622330, 'lastChunkStartTime': 1656818622323, 'lastChunkSize': 1433658}
INFO:__main__:{'nextChunkSize': [2123065, 1431809, 957685, 611087, 398865, 155580], 'lastquality': 1, 'buffer': 4, 'bufferAdjusted': -0.5499999999999998, 'bandwidthEst': 53462.88, 'lastRequest': 0, 'RebufferTime': 15, 'lastChunkFinishTime': 1656818624038, 'lastChunkStartTime': 1656818624034, 'lastChunkSize': 668286}
INFO:__main__:{'nextChunkSize': [2177073, 1300868, 877771, 571051, 350812, 139857], 'lastquality': 5, 'buffer': 7.964767, 'bufferAdjusted': 3.4147669999999994, 'bandwidthEst': 81326.33217907745, 'lastRequest': 1, 'RebufferTime': 15, 'lastChunkFinishTime': 1656818624072, 'lastChunkStartTime': 1656818624065, 'lastChunkSize': 2123065}
INFO:__main__:{'nextChunkSize': [2160877, 1520281, 933276, 617681, 382355, 155432], 'lastquality': 5, 'buffer': 11.930216, 'bufferAdjusted': 7.380215999999999, 'bandwidthEst': 98899.13761588033, 'lastRequest': 2, 'RebufferTime': 15, 'lastChunkFinishTime': 1656818624105, 'lastChunkStartTime': 1656818624099, 'lastChunkSize': 2177073}
INFO:__main__:{'nextChunkSize': [2233056, 1472558, 996749, 652874, 411561, 163442], 'lastquality': 5, 'buffer': 15.892341999999998, 'bufferAdjusted': 11.342341999999997, 'bandwidthEst': 110746.1924854048, 'lastRequest': 3, 'RebufferTime': 15, 'lastChunkFinishTime': 1656818624142, 'lastChunkStartTime': 1656818624136, 'lastChunkSize': 2160877}
INFO:__main__:{'nextChunkSize': [1941625, 1224260, 801058, 520315, 318564, 126289], 'lastquality': 5, 'buffer': 19.854632, 'bufferAdjusted': 15.304632000000002, 'bandwidthEst': 119857.1304851154, 'lastRequest': 4, 'RebufferTime': 15, 'lastChunkFinishTime': 1656818624179, 'lastChunkStartTime': 1656818624174, 'lastChunkSize': 2233056}
INFO:__main__:{'nextChunkSize': [2157535, 1388403, 905515, 561791, 352642, 153295], 'lastquality': 5, 'buffer': 23.820296999999997, 'bufferAdjusted': 19.270297, 'bandwidthEst': 169781.17179045072, 'lastRequest': 5, 'RebufferTime': 15, 'lastChunkFinishTime': 1656818624216, 'lastChunkStartTime': 1656818624211, 'lastChunkSize': 1941625}
INFO:__main__:{'nextChunkSize': [2290172, 1638769, 1060487, 709534, 437162, 173849], 'lastquality': 5, 'buffer': 27.78617, 'bufferAdjusted': 23.23617, 'bandwidthEst': 170325.20900556562, 'lastRequest': 6, 'RebufferTime': 15, 'lastChunkFinishTime': 1656818624250, 'lastChunkStartTime': 1656818624245, 'lastChunkSize': 2157535}
INFO:__main__:{'nextChunkSize': [2055469, 1348011, 852833, 584846, 374758, 150710], 'lastquality': 5, 'buffer': 31.750479, 'bufferAdjusted': 27.200479, 'bandwidthEst': 171986.44306478256, 'lastRequest': 7, 'RebufferTime': 15, 'lastChunkFinishTime': 1656818624284, 'lastChunkStartTime': 1656818624279, 'lastChunkSize': 2290172}
INFO:__main__:{'nextChunkSize': [2169201, 1429765, 913888, 560821, 362795, 139105], 'lastquality': 5, 'buffer': 35.714121999999996, 'bufferAdjusted': 31.164122, 'bandwidthEst': 170249.23440366762, 'lastRequest': 8, 'RebufferTime': 15, 'lastChunkFinishTime': 1656818624320, 'lastChunkStartTime': 1656818624315, 'lastChunkSize': 2055469}
INFO:__main__:{'nextChunkSize': [2173522, 1354548, 939819, 607410, 353220, 141840], 'lastquality': 5, 'buffer': 39.674904999999995, 'bufferAdjusted': 35.124905, 'bandwidthEst': 169299.33867056607, 'lastRequest': 9, 'RebufferTime': 15, 'lastChunkFinishTime': 1656818624358, 'lastChunkStartTime': 1656818624352, 'lastChunkSize': 2169201}
INFO:__main__:{'nextChunkSize': [2102452, 1519951, 917428, 594078, 405134, 156148], 'lastquality': 5, 'buffer': 43.639945999999995, 'bufferAdjusted': 39.089946, 'bandwidthEst': 173330.55526620633, 'lastRequest': 10, 'RebufferTime': 15, 'lastChunkFinishTime': 1656818624395, 'lastChunkStartTime': 1656818624390, 'lastChunkSize': 2173522}
INFO:__main__:{'nextChunkSize': [2209463, 1422919, 946851, 624282, 386351, 160746], 'lastquality': 5, 'buffer': 47.605394, 'bufferAdjusted': 43.055394, 'bandwidthEst': 172423.26833297373, 'lastRequest': 11, 'RebufferTime': 15, 'lastChunkFinishTime': 1656818624430, 'lastChunkStartTime': 1656818624425, 'lastChunkSize': 2102452}
INFO:__main__:{'nextChunkSize': [2275376, 1578343, 1036454, 687371, 434409, 179801], 'lastquality': 5, 'buffer': 51.570574, 'bufferAdjusted': 47.020574, 'bandwidthEst': 171245.8707972757, 'lastRequest': 12, 'RebufferTime': 15, 'lastChunkFinishTime': 1656818624464, 'lastChunkStartTime': 1656818624459, 'lastChunkSize': 2209463}
INFO:__main__:{'nextChunkSize': [2005399, 1231445, 821631, 526950, 337059, 140051], 'lastquality': 5, 'buffer': 55.534783999999995, 'bufferAdjusted': 50.984784, 'bandwidthEst': 174763.79545928404, 'lastRequest': 13, 'RebufferTime': 15, 'lastChunkFinishTime': 1656818624500, 'lastChunkStartTime': 1656818624495, 'lastChunkSize': 2275376}
INFO:__main__:{'nextChunkSize': [2152483, 1471065, 923170, 587876, 366214, 138313], 'lastquality': 5, 'buffer': 59.49941, 'bufferAdjusted': 54.94941, 'bandwidthEst': 171935.17408040512, 'lastRequest': 14, 'RebufferTime': 15, 'lastChunkFinishTime': 1656818624536, 'lastChunkStartTime': 1656818624530, 'lastChunkSize': 2005399}
INFO:__main__:{'nextChunkSize': [2289689, 1491626, 966699, 617242, 360831, 143509], 'lastquality': 5, 'buffer': 59.979509, 'bufferAdjusted': 55.429509, 'bandwidthEst': 171603.4689968361, 'lastRequest': 15, 'RebufferTime': 15, 'lastChunkFinishTime': 1656818624574, 'lastChunkStartTime': 1656818624566, 'lastChunkSize': 2152483}
INFO:__main__:{'nextChunkSize': [2059512, 1358801, 885714, 581493, 372963, 150616], 'lastquality': 5, 'buffer': 59.976673, 'bufferAdjusted': 55.426673, 'bandwidthEst': 174515.45342649095, 'lastRequest': 16, 'RebufferTime': 15, 'lastChunkFinishTime': 1656818628116, 'lastChunkStartTime': 1656818628111, 'lastChunkSize': 2289689}
INFO:__main__:{'nextChunkSize': [2220726, 1537156, 987708, 639204, 405596, 165384], 'lastquality': 5, 'buffer': 59.9737, 'bufferAdjusted': 55.423700000000004, 'bandwidthEst': 172041.98343486103, 'lastRequest': 17, 'RebufferTime': 15, 'lastChunkFinishTime': 1656818632163, 'lastChunkStartTime': 1656818632157, 'lastChunkSize': 2059512}
INFO:__main__:{'nextChunkSize': [2156729, 1336050, 923755, 586839, 350713, 140881], 'lastquality': 5, 'buffer': 59.970760999999996, 'bufferAdjusted': 55.420761, 'bandwidthEst': 171245.3924983071, 'lastRequest': 18, 'RebufferTime': 15, 'lastChunkFinishTime': 1656818636212, 'lastChunkStartTime': 1656818636206, 'lastChunkSize': 2220726}
INFO:__main__:{'nextChunkSize': [2039773, 1415116, 891604, 601738, 386472, 157671], 'lastquality': 5, 'buffer': 59.967847, 'bufferAdjusted': 55.417847, 'bandwidthEst': 173849.51279130066, 'lastRequest': 19, 'RebufferTime': 15, 'lastChunkFinishTime': 1656818640260, 'lastChunkStartTime': 1656818640255, 'lastChunkSize': 2156729}
INFO:__main__:{'nextChunkSize': [2176469, 1468126, 955231, 616206, 399894, 157812], 'lastquality': 5, 'buffer': 59.96526299999999, 'bufferAdjusted': 55.415262999999996, 'bandwidthEst': 171931.24525945933, 'lastRequest': 20, 'RebufferTime': 15, 'lastChunkFinishTime': 1656818644306, 'lastChunkStartTime': 1656818644300, 'lastChunkSize': 2039773}
INFO:__main__:{'nextChunkSize': [2221506, 1505760, 968026, 656471, 401853, 163927], 'lastquality': 5, 'buffer': 59.712323, 'bufferAdjusted': 55.162323, 'bandwidthEst': 170268.50919015484, 'lastRequest': 21, 'RebufferTime': 15, 'lastChunkFinishTime': 1656818648360, 'lastChunkStartTime': 1656818648354, 'lastChunkSize': 2176469}
INFO:__main__:{'nextChunkSize': [2044075, 1323990, 874175, 536667, 343800, 137654], 'lastquality': 5, 'buffer': 59.709655, 'bufferAdjusted': 55.159655, 'bandwidthEst': 172874.0096813565, 'lastRequest': 22, 'RebufferTime': 15, 'lastChunkFinishTime': 1656818652406, 'lastChunkStartTime': 1656818652400, 'lastChunkSize': 2221506}
INFO:__main__:{'nextChunkSize': [2186790, 1383735, 897976, 587236, 359903, 146754], 'lastquality': 5, 'buffer': 59.706900999999995, 'bufferAdjusted': 55.156901, 'bandwidthEst': 170014.5751028835, 'lastRequest': 23, 'RebufferTime': 15, 'lastChunkFinishTime': 1656818656457, 'lastChunkStartTime': 1656818656452, 'lastChunkSize': 2044075}
INFO:__main__:{'nextChunkSize': [2105231, 1480464, 905935, 590335, 379700, 153938], 'lastquality': 5, 'buffer': 59.70398, 'bufferAdjusted': 55.153980000000004, 'bandwidthEst': 170476.4147713576, 'lastRequest': 24, 'RebufferTime': 15, 'lastChunkFinishTime': 1656818660510, 'lastChunkStartTime': 1656818660505, 'lastChunkSize': 2186790}
INFO:__main__:{'nextChunkSize': [2395588, 1547572, 1076599, 696376, 425781, 181901], 'lastquality': 5, 'buffer': 59.701384999999995, 'bufferAdjusted': 55.151385, 'bandwidthEst': 171591.17223714766, 'lastRequest': 25, 'RebufferTime': 15, 'lastChunkFinishTime': 1656818664563, 'lastChunkStartTime': 1656818664558, 'lastChunkSize': 2105231}
INFO:__main__:{'nextChunkSize': [1972048, 1141971, 758197, 487160, 277716, 111155], 'lastquality': 5, 'buffer': 59.942288, 'bufferAdjusted': 55.392288, 'bandwidthEst': 174741.43123647256, 'lastRequest': 26, 'RebufferTime': 15, 'lastChunkFinishTime': 1656818668613, 'lastChunkStartTime': 1656818668607, 'lastChunkSize': 2395588}
INFO:__main__:{'nextChunkSize': [2134614, 1498470, 972798, 622896, 400396, 153605], 'lastquality': 5, 'buffer': 59.939426999999995, 'bufferAdjusted': 55.389427, 'bandwidthEst': 170500.1875870674, 'lastRequest': 27, 'RebufferTime': 15, 'lastChunkFinishTime': 1656818672165, 'lastChunkStartTime': 1656818672160, 'lastChunkSize': 1972048}
INFO:__main__:{'nextChunkSize': [2164140, 1561263, 975811, 641447, 400508, 149029], 'lastquality': 5, 'buffer': 59.936299999999996, 'bufferAdjusted': 55.3863, 'bandwidthEst': 172021.67214208364, 'lastRequest': 28, 'RebufferTime': 15, 'lastChunkFinishTime': 1656818676219, 'lastChunkStartTime': 1656818676213, 'lastChunkSize': 2134614}
INFO:__main__:{'nextChunkSize': [2113193, 1341201, 873429, 570392, 358218, 157421], 'lastquality': 5, 'buffer': 59.933569999999996, 'bufferAdjusted': 55.38357, 'bandwidthEst': 171668.33512058636, 'lastRequest': 29, 'RebufferTime': 15, 'lastChunkFinishTime': 1656818680270, 'lastChunkStartTime': 1656818680265, 'lastChunkSize': 2164140}
INFO:__main__:{'nextChunkSize': [2147852, 1497683, 954453, 620283, 400322, 157488], 'lastquality': 5, 'buffer': 59.930871999999994, 'bufferAdjusted': 55.380872, 'bandwidthEst': 171800.29361720083, 'lastRequest': 30, 'RebufferTime': 15, 'lastChunkFinishTime': 1656818684317, 'lastChunkStartTime': 1656818684312, 'lastChunkSize': 2113193}
INFO:__main__:{'nextChunkSize': [2191074, 1358081, 885062, 584349, 369834, 143881], 'lastquality': 5, 'buffer': 59.676231000000016, 'bufferAdjusted': 55.12623100000002, 'bandwidthEst': 168319.55725564627, 'lastRequest': 31, 'RebufferTime': 15, 'lastChunkFinishTime': 1656818688362, 'lastChunkStartTime': 1656818688357, 'lastChunkSize': 2147852}
INFO:__main__:{'nextChunkSize': [2286761, 1587293, 1035329, 670129, 412837, 163444], 'lastquality': 5, 'buffer': 59.673293000000015, 'bufferAdjusted': 55.12329300000002, 'bandwidthEst': 171988.10473671122, 'lastRequest': 32, 'RebufferTime': 15, 'lastChunkFinishTime': 1656818692407, 'lastChunkStartTime': 1656818692402, 'lastChunkSize': 2191074}
INFO:__main__:{'nextChunkSize': [2307787, 1492672, 1026056, 690253, 401088, 179328], 'lastquality': 5, 'buffer': 59.67043300000002, 'bufferAdjusted': 55.12043300000002, 'bandwidthEst': 174324.3571057872, 'lastRequest': 33, 'RebufferTime': 15, 'lastChunkFinishTime': 1656818696454, 'lastChunkStartTime': 1656818696448, 'lastChunkSize': 2286761}
INFO:__main__:{'nextChunkSize': [2143948, 1439896, 943942, 598727, 365161, 159914], 'lastquality': 5, 'buffer': 59.66764900000001, 'bufferAdjusted': 55.117649000000014, 'bandwidthEst': 176537.1959715611, 'lastRequest': 34, 'RebufferTime': 15, 'lastChunkFinishTime': 1656818700499, 'lastChunkStartTime': 1656818700494, 'lastChunkSize': 2307787}
INFO:__main__:{'nextChunkSize': [1919781, 1139291, 728962, 487812, 321064, 131610], 'lastquality': 5, 'buffer': 59.66485400000002, 'bufferAdjusted': 55.11485400000002, 'bandwidthEst': 177067.68678413742, 'lastRequest': 35, 'RebufferTime': 15, 'lastChunkFinishTime': 1656818704545, 'lastChunkStartTime': 1656818704540, 'lastChunkSize': 2143948}
INFO:__main__:{'nextChunkSize': [2147467, 1499009, 938587, 575591, 361565, 124011], 'lastquality': 5, 'buffer': 59.66209700000002, 'bufferAdjusted': 55.11209700000002, 'bandwidthEst': 172835.866473317, 'lastRequest': 36, 'RebufferTime': 15, 'lastChunkFinishTime': 1656818708590, 'lastChunkStartTime': 1656818708585, 'lastChunkSize': 1919781}
INFO:__main__:{'nextChunkSize': [2133870, 1427478, 908665, 605884, 378327, 144254], 'lastquality': 5, 'buffer': 59.90970200000001, 'bufferAdjusted': 55.35970200000001, 'bandwidthEst': 172146.5085614501, 'lastRequest': 37, 'RebufferTime': 15, 'lastChunkFinishTime': 1656818712639, 'lastChunkStartTime': 1656818712633, 'lastChunkSize': 2147467}
INFO:__main__:{'nextChunkSize': [2146120, 1402287, 930577, 587506, 390680, 149991], 'lastquality': 5, 'buffer': 59.90674800000001, 'bufferAdjusted': 55.35674800000001, 'bandwidthEst': 169856.10206076797, 'lastRequest': 38, 'RebufferTime': 15, 'lastChunkFinishTime': 1656818716186, 'lastChunkStartTime': 1656818716181, 'lastChunkSize': 2133870}
INFO:__main__:{'nextChunkSize': [2108491, 1339500, 858450, 566904, 345516, 147968], 'lastquality': 5, 'buffer': 59.90402500000002, 'bufferAdjusted': 55.35402500000002, 'bandwidthEst': 167533.92368303493, 'lastRequest': 39, 'RebufferTime': 15, 'lastChunkFinishTime': 1656818720239, 'lastChunkStartTime': 1656818720233, 'lastChunkSize': 2146120}
INFO:__main__:{'nextChunkSize': [2184571, 1527299, 1025005, 641452, 384505, 161857], 'lastquality': 5, 'buffer': 59.90132200000001, 'bufferAdjusted': 55.35132200000001, 'bandwidthEst': 166985.34728214884, 'lastRequest': 40, 'RebufferTime': 15, 'lastChunkFinishTime': 1656818724289, 'lastChunkStartTime': 1656818724284, 'lastChunkSize': 2108491}
INFO:__main__:{'nextChunkSize': [2121928, 1343002, 886255, 599477, 372093, 145210], 'lastquality': 5, 'buffer': 59.898561000000015, 'bufferAdjusted': 55.34856100000002, 'bandwidthEst': 171505.78909239123, 'lastRequest': 41, 'RebufferTime': 15, 'lastChunkFinishTime': 1656818728341, 'lastChunkStartTime': 1656818728336, 'lastChunkSize': 2184571}
INFO:__main__:{'nextChunkSize': [2219102, 1587250, 973972, 634861, 438281, 172312], 'lastquality': 5, 'buffer': 59.64300700000001, 'bufferAdjusted': 55.093007000000014, 'bandwidthEst': 171094.63753798805, 'lastRequest': 42, 'RebufferTime': 15, 'lastChunkFinishTime': 1656818732395, 'lastChunkStartTime': 1656818732390, 'lastChunkSize': 2121928}
INFO:__main__:{'nextChunkSize': [2124950, 1464921, 958994, 630203, 398987, 167025], 'lastquality': 5, 'buffer': 59.64013800000001, 'bufferAdjusted': 55.09013800000001, 'bandwidthEst': 172422.11399978455, 'lastRequest': 43, 'RebufferTime': 15, 'lastChunkFinishTime': 1656818736445, 'lastChunkStartTime': 1656818736440, 'lastChunkSize': 2219102}
INFO:__main__:{'nextChunkSize': [2246506, 1483527, 982064, 638661, 393804, 160064], 'lastquality': 5, 'buffer': 59.63721100000001, 'bufferAdjusted': 55.08721100000001, 'bandwidthEst': 172077.7831635421, 'lastRequest': 44, 'RebufferTime': 15, 'lastChunkFinishTime': 1656818740489, 'lastChunkStartTime': 1656818740483, 'lastChunkSize': 2124950}
INFO:__main__:{'nextChunkSize': [1961140, 1231456, 830730, 538612, 331053, 137507], 'lastquality': 5, 'buffer': 59.63447100000002, 'bufferAdjusted': 55.08447100000002, 'bandwidthEst': 174262.0952964974, 'lastRequest': 45, 'RebufferTime': 15, 'lastChunkFinishTime': 1656818744529, 'lastChunkStartTime': 1656818744523, 'lastChunkSize': 2246506}
INFO:__main__:{'nextChunkSize': [2155012, 1364537, 846370, 550906, 314107, 118421], 'lastquality': 5, 'buffer': 59.63167100000001, 'bufferAdjusted': 55.081671000000014, 'bandwidthEst': 170390.7873642862, 'lastRequest': 46, 'RebufferTime': 15, 'lastChunkFinishTime': 1656818748574, 'lastChunkStartTime': 1656818748569, 'lastChunkSize': 1961140}
INFO:__main__:{'nextChunkSize': [1433658, 889412, 598850, 391450, 255954, 112270], 'lastquality': 5, 'buffer': 59.628941000000026, 'bufferAdjusted': 55.07894100000003, 'bandwidthEst': 170917.5445140413, 'lastRequest': 47, 'RebufferTime': 15, 'lastChunkFinishTime': 1656818752617, 'lastChunkStartTime': 1656818752612, 'lastChunkSize': 2155012}
INFO:__main__:{'nextChunkSize': 0, 'lastquality': 5, 'buffer': 59.55732699999999, 'bufferAdjusted': 55.00732699999999, 'bandwidthEst': 154607.688061976, 'lastRequest': 48, 'RebufferTime': 15, 'lastChunkFinishTime': 1656818756659, 'lastChunkStartTime': 1656818756655, 'lastChunkSize': 1433658}
INFO:__main__:{'nextChunkSize': [2123065, 1431809, 957685, 611087, 398865, 155580], 'lastquality': 1, 'buffer': 4, 'bufferAdjusted': -0.5499999999999998, 'bandwidthEst': 53462.88, 'lastRequest': 0, 'RebufferTime': 14, 'lastChunkFinishTime': 1656818758346, 'lastChunkStartTime': 1656818758344, 'lastChunkSize': 668286}
INFO:__main__:{'nextChunkSize': [2177073, 1300868, 877771, 571051, 350812, 139857], 'lastquality': 5, 'buffer': 7.966282, 'bufferAdjusted': 3.416281999999999, 'bandwidthEst': 81326.33217907745, 'lastRequest': 1, 'RebufferTime': 14, 'lastChunkFinishTime': 1656818758378, 'lastChunkStartTime': 1656818758373, 'lastChunkSize': 2123065}
INFO:__main__:{'nextChunkSize': [2160877, 1520281, 933276, 617681, 382355, 155432], 'lastquality': 5, 'buffer': 11.931805, 'bufferAdjusted': 7.381805, 'bandwidthEst': 98899.13761588033, 'lastRequest': 2, 'RebufferTime': 14, 'lastChunkFinishTime': 1656818758414, 'lastChunkStartTime': 1656818758409, 'lastChunkSize': 2177073}
INFO:__main__:{'nextChunkSize': [2233056, 1472558, 996749, 652874, 411561, 163442], 'lastquality': 5, 'buffer': 15.896065999999998, 'bufferAdjusted': 11.346065999999997, 'bandwidthEst': 110746.1924854048, 'lastRequest': 3, 'RebufferTime': 14, 'lastChunkFinishTime': 1656818758449, 'lastChunkStartTime': 1656818758443, 'lastChunkSize': 2160877}
INFO:__main__:{'nextChunkSize': [1941625, 1224260, 801058, 520315, 318564, 126289], 'lastquality': 5, 'buffer': 19.85849, 'bufferAdjusted': 15.308490000000003, 'bandwidthEst': 119857.1304851154, 'lastRequest': 4, 'RebufferTime': 14, 'lastChunkFinishTime': 1656818758485, 'lastChunkStartTime': 1656818758479, 'lastChunkSize': 2233056}
INFO:__main__:{'nextChunkSize': [2157535, 1388403, 905515, 561791, 352642, 153295], 'lastquality': 5, 'buffer': 23.82367, 'bufferAdjusted': 19.273670000000003, 'bandwidthEst': 169781.17179045072, 'lastRequest': 5, 'RebufferTime': 14, 'lastChunkFinishTime': 1656818758522, 'lastChunkStartTime': 1656818758517, 'lastChunkSize': 1941625}
INFO:__main__:{'nextChunkSize': [2290172, 1638769, 1060487, 709534, 437162, 173849], 'lastquality': 5, 'buffer': 27.788346999999998, 'bufferAdjusted': 23.238347, 'bandwidthEst': 170325.20900556562, 'lastRequest': 6, 'RebufferTime': 14, 'lastChunkFinishTime': 1656818758557, 'lastChunkStartTime': 1656818758552, 'lastChunkSize': 2157535}
INFO:__main__:{'nextChunkSize': [2055469, 1348011, 852833, 584846, 374758, 150710], 'lastquality': 5, 'buffer': 31.753134999999997, 'bufferAdjusted': 27.203135, 'bandwidthEst': 171986.44306478256, 'lastRequest': 7, 'RebufferTime': 14, 'lastChunkFinishTime': 1656818758592, 'lastChunkStartTime': 1656818758587, 'lastChunkSize': 2290172}
INFO:__main__:{'nextChunkSize': [2169201, 1429765, 913888, 560821, 362795, 139105], 'lastquality': 5, 'buffer': 35.715765, 'bufferAdjusted': 31.165765, 'bandwidthEst': 170249.23440366762, 'lastRequest': 8, 'RebufferTime': 14, 'lastChunkFinishTime': 1656818758629, 'lastChunkStartTime': 1656818758624, 'lastChunkSize': 2055469}
INFO:__main__:{'nextChunkSize': [2173522, 1354548, 939819, 607410, 353220, 141840], 'lastquality': 5, 'buffer': 39.681531, 'bufferAdjusted': 35.131531, 'bandwidthEst': 169299.33867056607, 'lastRequest': 9, 'RebufferTime': 14, 'lastChunkFinishTime': 1656818758664, 'lastChunkStartTime': 1656818758658, 'lastChunkSize': 2169201}
INFO:__main__:{'nextChunkSize': [2102452, 1519951, 917428, 594078, 405134, 156148], 'lastquality': 5, 'buffer': 43.646969, 'bufferAdjusted': 39.096969, 'bandwidthEst': 173330.55526620633, 'lastRequest': 10, 'RebufferTime': 14, 'lastChunkFinishTime': 1656818758698, 'lastChunkStartTime': 1656818758693, 'lastChunkSize': 2173522}
INFO:__main__:{'nextChunkSize': [2209463, 1422919, 946851, 624282, 386351, 160746], 'lastquality': 5, 'buffer': 47.612027999999995, 'bufferAdjusted': 43.062028, 'bandwidthEst': 172423.26833297373, 'lastRequest': 11, 'RebufferTime': 14, 'lastChunkFinishTime': 1656818758734, 'lastChunkStartTime': 1656818758728, 'lastChunkSize': 2102452}
INFO:__main__:{'nextChunkSize': [2275376, 1578343, 1036454, 687371, 434409, 179801], 'lastquality': 5, 'buffer': 51.578364, 'bufferAdjusted': 47.028364, 'bandwidthEst': 171245.8707972757, 'lastRequest': 12, 'RebufferTime': 14, 'lastChunkFinishTime': 1656818758767, 'lastChunkStartTime': 1656818758762, 'lastChunkSize': 2209463}
INFO:__main__:{'nextChunkSize': [2005399, 1231445, 821631, 526950, 337059, 140051], 'lastquality': 5, 'buffer': 55.543606, 'bufferAdjusted': 50.993606, 'bandwidthEst': 174763.79545928404, 'lastRequest': 13, 'RebufferTime': 14, 'lastChunkFinishTime': 1656818758802, 'lastChunkStartTime': 1656818758796, 'lastChunkSize': 2275376}
INFO:__main__:{'nextChunkSize': [2152483, 1471065, 923170, 587876, 366214, 138313], 'lastquality': 5, 'buffer': 59.512022, 'bufferAdjusted': 54.962022000000005, 'bandwidthEst': 171935.17408040512, 'lastRequest': 14, 'RebufferTime': 14, 'lastChunkFinishTime': 1656818758835, 'lastChunkStartTime': 1656818758830, 'lastChunkSize': 2005399}
INFO:__main__:{'nextChunkSize': [2289689, 1491626, 966699, 617242, 360831, 143509], 'lastquality': 5, 'buffer': 59.980101, 'bufferAdjusted': 55.430101, 'bandwidthEst': 171603.4689968361, 'lastRequest': 15, 'RebufferTime': 14, 'lastChunkFinishTime': 1656818758867, 'lastChunkStartTime': 1656818758862, 'lastChunkSize': 2152483}
INFO:__main__:{'nextChunkSize': [2059512, 1358801, 885714, 581493, 372963, 150616], 'lastquality': 5, 'buffer': 59.977198, 'bufferAdjusted': 55.427198000000004, 'bandwidthEst': 174515.45342649095, 'lastRequest': 16, 'RebufferTime': 14, 'lastChunkFinishTime': 1656818762411, 'lastChunkStartTime': 1656818762406, 'lastChunkSize': 2289689}
ERROR:__main__:Keyboard interrupted.
WARNING:tensorflow:From ../rl_server/rl_server_no_training.py:225: The name tf.Session is deprecated. Please use tf.compat.v1.Session instead.

WARNING:tensorflow:From /newhome/pensieve/rl_server/a3c.py:62: The name tf.variable_scope is deprecated. Please use tf.compat.v1.variable_scope instead.

WARNING:tensorflow:From /users/acardoza/venv/lib/python3.6/site-packages/tflearn/initializations.py:165: calling TruncatedNormal.__init__ (from tensorflow.python.ops.init_ops) with dtype is deprecated and will be removed in a future version.
Instructions for updating:
Call initializer instance with the dtype argument instead of passing it to the constructor
WARNING:tensorflow:From /users/acardoza/venv/lib/python3.6/site-packages/tflearn/initializations.py:110: calling UniformUnitScaling.__init__ (from tensorflow.python.ops.init_ops) with dtype is deprecated and will be removed in a future version.
Instructions for updating:
Call initializer instance with the dtype argument instead of passing it to the constructor
WARNING:tensorflow:From /users/acardoza/venv/lib/python3.6/site-packages/tensorflow/python/util/deprecation.py:507: UniformUnitScaling.__init__ (from tensorflow.python.ops.init_ops) is deprecated and will be removed in a future version.
Instructions for updating:
Use tf.initializers.variance_scaling instead with distribution=uniform to get equivalent behavior.
WARNING:tensorflow:From /newhome/pensieve/rl_server/a3c.py:29: The name tf.get_collection is deprecated. Please use tf.compat.v1.get_collection instead.

WARNING:tensorflow:From /newhome/pensieve/rl_server/a3c.py:29: The name tf.GraphKeys is deprecated. Please use tf.compat.v1.GraphKeys instead.

WARNING:tensorflow:From /newhome/pensieve/rl_server/a3c.py:35: The name tf.placeholder is deprecated. Please use tf.compat.v1.placeholder instead.

WARNING:tensorflow:From /newhome/pensieve/rl_server/a3c.py:49: calling reduce_sum_v1 (from tensorflow.python.ops.math_ops) with keep_dims is deprecated and will be removed in a future version.
Instructions for updating:
keep_dims is deprecated, use keepdims instead
WARNING:tensorflow:From /newhome/pensieve/rl_server/a3c.py:58: The name tf.train.RMSPropOptimizer is deprecated. Please use tf.compat.v1.train.RMSPropOptimizer instead.

WARNING:tensorflow:From /users/acardoza/venv/lib/python3.6/site-packages/tensorflow/python/training/rmsprop.py:119: calling Ones.__init__ (from tensorflow.python.ops.init_ops) with dtype is deprecated and will be removed in a future version.
Instructions for updating:
Call initializer instance with the dtype argument instead of passing it to the constructor
WARNING:tensorflow:From /users/acardoza/venv/lib/python3.6/site-packages/tensorflow/python/util/tf_should_use.py:193: initialize_all_variables (from tensorflow.python.ops.variables) is deprecated and will be removed after 2017-03-02.
Instructions for updating:
Use `tf.global_variables_initializer` instead.
WARNING:tensorflow:From ../rl_server/rl_server_no_training.py:235: The name tf.train.Saver is deprecated. Please use tf.compat.v1.train.Saver instead.

WARNING:tensorflow:From /users/acardoza/venv/lib/python3.6/site-packages/tensorflow/python/training/saver.py:1276: checkpoint_exists (from tensorflow.python.training.checkpoint_management) is deprecated and will be removed in a future version.
Instructions for updating:
Use standard file APIs to check for files with this prefix.
INFO:tensorflow:Restoring parameters from ../rl_server/results/pretrain_linear_reward.ckpt
INFO:__main__:Model restored.
INFO:__main__:Listening on port 8333
ERROR:__main__:Keyboard interrupted.
WARNING:tensorflow:From ../rl_server/rl_server_no_training.py:225: The name tf.Session is deprecated. Please use tf.compat.v1.Session instead.

WARNING:tensorflow:From /newhome/pensieve/rl_server/a3c.py:62: The name tf.variable_scope is deprecated. Please use tf.compat.v1.variable_scope instead.

WARNING:tensorflow:From /users/acardoza/venv/lib/python3.6/site-packages/tflearn/initializations.py:165: calling TruncatedNormal.__init__ (from tensorflow.python.ops.init_ops) with dtype is deprecated and will be removed in a future version.
Instructions for updating:
Call initializer instance with the dtype argument instead of passing it to the constructor
WARNING:tensorflow:From /users/acardoza/venv/lib/python3.6/site-packages/tflearn/initializations.py:110: calling UniformUnitScaling.__init__ (from tensorflow.python.ops.init_ops) with dtype is deprecated and will be removed in a future version.
Instructions for updating:
Call initializer instance with the dtype argument instead of passing it to the constructor
WARNING:tensorflow:From /users/acardoza/venv/lib/python3.6/site-packages/tensorflow/python/util/deprecation.py:507: UniformUnitScaling.__init__ (from tensorflow.python.ops.init_ops) is deprecated and will be removed in a future version.
Instructions for updating:
Use tf.initializers.variance_scaling instead with distribution=uniform to get equivalent behavior.
WARNING:tensorflow:From /newhome/pensieve/rl_server/a3c.py:29: The name tf.get_collection is deprecated. Please use tf.compat.v1.get_collection instead.

WARNING:tensorflow:From /newhome/pensieve/rl_server/a3c.py:29: The name tf.GraphKeys is deprecated. Please use tf.compat.v1.GraphKeys instead.

WARNING:tensorflow:From /newhome/pensieve/rl_server/a3c.py:35: The name tf.placeholder is deprecated. Please use tf.compat.v1.placeholder instead.

WARNING:tensorflow:From /newhome/pensieve/rl_server/a3c.py:49: calling reduce_sum_v1 (from tensorflow.python.ops.math_ops) with keep_dims is deprecated and will be removed in a future version.
Instructions for updating:
keep_dims is deprecated, use keepdims instead
WARNING:tensorflow:From /newhome/pensieve/rl_server/a3c.py:58: The name tf.train.RMSPropOptimizer is deprecated. Please use tf.compat.v1.train.RMSPropOptimizer instead.

WARNING:tensorflow:From /users/acardoza/venv/lib/python3.6/site-packages/tensorflow/python/training/rmsprop.py:119: calling Ones.__init__ (from tensorflow.python.ops.init_ops) with dtype is deprecated and will be removed in a future version.
Instructions for updating:
Call initializer instance with the dtype argument instead of passing it to the constructor
WARNING:tensorflow:From /users/acardoza/venv/lib/python3.6/site-packages/tensorflow/python/util/tf_should_use.py:193: initialize_all_variables (from tensorflow.python.ops.variables) is deprecated and will be removed after 2017-03-02.
Instructions for updating:
Use `tf.global_variables_initializer` instead.
WARNING:tensorflow:From ../rl_server/rl_server_no_training.py:235: The name tf.train.Saver is deprecated. Please use tf.compat.v1.train.Saver instead.

WARNING:tensorflow:From /users/acardoza/venv/lib/python3.6/site-packages/tensorflow/python/training/saver.py:1276: checkpoint_exists (from tensorflow.python.training.checkpoint_management) is deprecated and will be removed in a future version.
Instructions for updating:
Use standard file APIs to check for files with this prefix.
INFO:tensorflow:Restoring parameters from ../rl_server/results/pretrain_linear_reward.ckpt
INFO:__main__:Model restored.
INFO:__main__:Listening on port 8333
ERROR:__main__:Keyboard interrupted.
