WARNING:tensorflow:From ../rl_server/rl_server_no_training.py:225: The name tf.Session is deprecated. Please use tf.compat.v1.Session instead.

WARNING:tensorflow:From /newhome/pensieve/rl_server/a3c.py:62: The name tf.variable_scope is deprecated. Please use tf.compat.v1.variable_scope instead.

WARNING:tensorflow:From /users/acardoza/.local/lib/python3.6/site-packages/tflearn/initializations.py:165: calling TruncatedNormal.__init__ (from tensorflow.python.ops.init_ops) with dtype is deprecated and will be removed in a future version.
Instructions for updating:
Call initializer instance with the dtype argument instead of passing it to the constructor
WARNING:tensorflow:From /users/acardoza/.local/lib/python3.6/site-packages/tflearn/initializations.py:110: calling UniformUnitScaling.__init__ (from tensorflow.python.ops.init_ops) with dtype is deprecated and will be removed in a future version.
Instructions for updating:
Call initializer instance with the dtype argument instead of passing it to the constructor
WARNING:tensorflow:From /users/acardoza/.local/lib/python3.6/site-packages/tensorflow_core/python/util/deprecation.py:507: UniformUnitScaling.__init__ (from tensorflow.python.ops.init_ops) is deprecated and will be removed in a future version.
Instructions for updating:
Use tf.initializers.variance_scaling instead with distribution=uniform to get equivalent behavior.
WARNING:tensorflow:From /newhome/pensieve/rl_server/a3c.py:29: The name tf.get_collection is deprecated. Please use tf.compat.v1.get_collection instead.

WARNING:tensorflow:From /newhome/pensieve/rl_server/a3c.py:29: The name tf.GraphKeys is deprecated. Please use tf.compat.v1.GraphKeys instead.

WARNING:tensorflow:From /newhome/pensieve/rl_server/a3c.py:35: The name tf.placeholder is deprecated. Please use tf.compat.v1.placeholder instead.

WARNING:tensorflow:From /newhome/pensieve/rl_server/a3c.py:48: The name tf.log is deprecated. Please use tf.math.log instead.

WARNING:tensorflow:From /newhome/pensieve/rl_server/a3c.py:49: calling reduce_sum_v1 (from tensorflow.python.ops.math_ops) with keep_dims is deprecated and will be removed in a future version.
Instructions for updating:
keep_dims is deprecated, use keepdims instead
WARNING:tensorflow:From /newhome/pensieve/rl_server/a3c.py:58: The name tf.train.RMSPropOptimizer is deprecated. Please use tf.compat.v1.train.RMSPropOptimizer instead.

WARNING:tensorflow:From /users/acardoza/.local/lib/python3.6/site-packages/tensorflow_core/python/training/rmsprop.py:119: calling Ones.__init__ (from tensorflow.python.ops.init_ops) with dtype is deprecated and will be removed in a future version.
Instructions for updating:
Call initializer instance with the dtype argument instead of passing it to the constructor
WARNING:tensorflow:From /users/acardoza/.local/lib/python3.6/site-packages/tensorflow_core/python/util/tf_should_use.py:198: initialize_all_variables (from tensorflow.python.ops.variables) is deprecated and will be removed after 2017-03-02.
Instructions for updating:
Use `tf.global_variables_initializer` instead.
WARNING:tensorflow:From ../rl_server/rl_server_no_training.py:235: The name tf.train.Saver is deprecated. Please use tf.compat.v1.train.Saver instead.

INFO:tensorflow:Restoring parameters from ../rl_server/results/pretrain_linear_reward.ckpt
INFO:__main__:Model restored.
INFO:__main__:Listening on port 8333
INFO:__main__:{'nextChunkSize': [2123065, 1431809, 957685, 611087, 398865, 155580], 'lastquality': 1, 'buffer': 4, 'bufferAdjusted': -0.5499999999999998, 'bandwidthEst': 36022.64, 'lastRequest': 0, 'RebufferTime': 13, 'lastChunkFinishTime': 1656200894689, 'lastChunkStartTime': 1656200894686, 'lastChunkSize': 450283}
INFO:__main__:{'nextChunkSize': [2177073, 1300868, 877771, 571051, 350812, 139857], 'lastquality': 5, 'buffer': 8, 'bufferAdjusted': 3.4499999999999993, 'bandwidthEst': 59438.837026006586, 'lastRequest': 1, 'RebufferTime': 13, 'lastChunkFinishTime': 1656200894791, 'lastChunkStartTime': 1656200894780, 'lastChunkSize': 2123065}
INFO:__main__:{'nextChunkSize': [2160877, 1520281, 933276, 617681, 382355, 155432], 'lastquality': 5, 'buffer': 12, 'bufferAdjusted': 7.449999999999999, 'bandwidthEst': 76162.06577238125, 'lastRequest': 2, 'RebufferTime': 13, 'lastChunkFinishTime': 1656200894834, 'lastChunkStartTime': 1656200894823, 'lastChunkSize': 2177073}
INFO:__main__:{'nextChunkSize': [2233056, 1472558, 996749, 652874, 411561, 163442], 'lastquality': 5, 'buffer': 15.999999999999998, 'bufferAdjusted': 11.449999999999998, 'bandwidthEst': 88545.77158671166, 'lastRequest': 3, 'RebufferTime': 13, 'lastChunkFinishTime': 1656200894875, 'lastChunkStartTime': 1656200894862, 'lastChunkSize': 2160877}
INFO:__main__:{'nextChunkSize': [1941625, 1224260, 801058, 520315, 318564, 126289], 'lastquality': 5, 'buffer': 20, 'bufferAdjusted': 15.450000000000003, 'bandwidthEst': 98479.30951990238, 'lastRequest': 4, 'RebufferTime': 13, 'lastChunkFinishTime': 1656200894922, 'lastChunkStartTime': 1656200894910, 'lastChunkSize': 2233056}
INFO:__main__:{'nextChunkSize': [2157535, 1388403, 905515, 561791, 352642, 153295], 'lastquality': 5, 'buffer': 24, 'bufferAdjusted': 19.450000000000003, 'bandwidthEst': 169781.17179045072, 'lastRequest': 5, 'RebufferTime': 13, 'lastChunkFinishTime': 1656200894969, 'lastChunkStartTime': 1656200894959, 'lastChunkSize': 1941625}
INFO:__main__:{'nextChunkSize': [2290172, 1638769, 1060487, 709534, 437162, 173849], 'lastquality': 5, 'buffer': 28, 'bufferAdjusted': 23.450000000000003, 'bandwidthEst': 170325.20900556562, 'lastRequest': 6, 'RebufferTime': 13, 'lastChunkFinishTime': 1656200895007, 'lastChunkStartTime': 1656200894996, 'lastChunkSize': 2157535}
INFO:__main__:{'nextChunkSize': [2055469, 1348011, 852833, 584846, 374758, 150710], 'lastquality': 5, 'buffer': 32, 'bufferAdjusted': 27.450000000000003, 'bandwidthEst': 171986.44306478256, 'lastRequest': 7, 'RebufferTime': 13, 'lastChunkFinishTime': 1656200895045, 'lastChunkStartTime': 1656200895033, 'lastChunkSize': 2290172}
INFO:__main__:{'nextChunkSize': [2169201, 1429765, 913888, 560821, 362795, 139105], 'lastquality': 5, 'buffer': 36, 'bufferAdjusted': 31.450000000000003, 'bandwidthEst': 170249.23440366762, 'lastRequest': 8, 'RebufferTime': 13, 'lastChunkFinishTime': 1656200895090, 'lastChunkStartTime': 1656200895078, 'lastChunkSize': 2055469}
INFO:__main__:{'nextChunkSize': [2173522, 1354548, 939819, 607410, 353220, 141840], 'lastquality': 5, 'buffer': 40, 'bufferAdjusted': 35.45, 'bandwidthEst': 169299.33867056607, 'lastRequest': 9, 'RebufferTime': 13, 'lastChunkFinishTime': 1656200895135, 'lastChunkStartTime': 1656200895122, 'lastChunkSize': 2169201}
INFO:__main__:{'nextChunkSize': [2102452, 1519951, 917428, 594078, 405134, 156148], 'lastquality': 5, 'buffer': 44, 'bufferAdjusted': 39.45, 'bandwidthEst': 173330.55526620633, 'lastRequest': 10, 'RebufferTime': 13, 'lastChunkFinishTime': 1656200895182, 'lastChunkStartTime': 1656200895170, 'lastChunkSize': 2173522}
INFO:__main__:{'nextChunkSize': [2209463, 1422919, 946851, 624282, 386351, 160746], 'lastquality': 5, 'buffer': 48, 'bufferAdjusted': 43.45, 'bandwidthEst': 172423.26833297373, 'lastRequest': 11, 'RebufferTime': 13, 'lastChunkFinishTime': 1656200895227, 'lastChunkStartTime': 1656200895216, 'lastChunkSize': 2102452}
INFO:__main__:{'nextChunkSize': [2275376, 1578343, 1036454, 687371, 434409, 179801], 'lastquality': 5, 'buffer': 52, 'bufferAdjusted': 47.45, 'bandwidthEst': 171245.8707972757, 'lastRequest': 12, 'RebufferTime': 13, 'lastChunkFinishTime': 1656200895273, 'lastChunkStartTime': 1656200895260, 'lastChunkSize': 2209463}
INFO:__main__:{'nextChunkSize': [2005399, 1231445, 821631, 526950, 337059, 140051], 'lastquality': 5, 'buffer': 56, 'bufferAdjusted': 51.45, 'bandwidthEst': 174763.79545928404, 'lastRequest': 13, 'RebufferTime': 13, 'lastChunkFinishTime': 1656200895318, 'lastChunkStartTime': 1656200895305, 'lastChunkSize': 2275376}
ERROR:__main__:Keyboard interrupted.
-------- [ 25-06-2022 18:50 ] --------
WARNING:tensorflow:From ../rl_server/rl_server_no_training.py:225: The name tf.Session is deprecated. Please use tf.compat.v1.Session instead.

WARNING:tensorflow:From /newhome/pensieve/rl_server/a3c.py:62: The name tf.variable_scope is deprecated. Please use tf.compat.v1.variable_scope instead.

WARNING:tensorflow:From /users/acardoza/.local/lib/python3.6/site-packages/tflearn/initializations.py:165: calling TruncatedNormal.__init__ (from tensorflow.python.ops.init_ops) with dtype is deprecated and will be removed in a future version.
Instructions for updating:
Call initializer instance with the dtype argument instead of passing it to the constructor
WARNING:tensorflow:From /users/acardoza/.local/lib/python3.6/site-packages/tflearn/initializations.py:110: calling UniformUnitScaling.__init__ (from tensorflow.python.ops.init_ops) with dtype is deprecated and will be removed in a future version.
Instructions for updating:
Call initializer instance with the dtype argument instead of passing it to the constructor
WARNING:tensorflow:From /users/acardoza/.local/lib/python3.6/site-packages/tensorflow_core/python/util/deprecation.py:507: UniformUnitScaling.__init__ (from tensorflow.python.ops.init_ops) is deprecated and will be removed in a future version.
Instructions for updating:
Use tf.initializers.variance_scaling instead with distribution=uniform to get equivalent behavior.
WARNING:tensorflow:From /newhome/pensieve/rl_server/a3c.py:29: The name tf.get_collection is deprecated. Please use tf.compat.v1.get_collection instead.

WARNING:tensorflow:From /newhome/pensieve/rl_server/a3c.py:29: The name tf.GraphKeys is deprecated. Please use tf.compat.v1.GraphKeys instead.

WARNING:tensorflow:From /newhome/pensieve/rl_server/a3c.py:35: The name tf.placeholder is deprecated. Please use tf.compat.v1.placeholder instead.

WARNING:tensorflow:From /newhome/pensieve/rl_server/a3c.py:48: The name tf.log is deprecated. Please use tf.math.log instead.

WARNING:tensorflow:From /newhome/pensieve/rl_server/a3c.py:49: calling reduce_sum_v1 (from tensorflow.python.ops.math_ops) with keep_dims is deprecated and will be removed in a future version.
Instructions for updating:
keep_dims is deprecated, use keepdims instead
WARNING:tensorflow:From /newhome/pensieve/rl_server/a3c.py:58: The name tf.train.RMSPropOptimizer is deprecated. Please use tf.compat.v1.train.RMSPropOptimizer instead.

WARNING:tensorflow:From /users/acardoza/.local/lib/python3.6/site-packages/tensorflow_core/python/training/rmsprop.py:119: calling Ones.__init__ (from tensorflow.python.ops.init_ops) with dtype is deprecated and will be removed in a future version.
Instructions for updating:
Call initializer instance with the dtype argument instead of passing it to the constructor
WARNING:tensorflow:From /users/acardoza/.local/lib/python3.6/site-packages/tensorflow_core/python/util/tf_should_use.py:198: initialize_all_variables (from tensorflow.python.ops.variables) is deprecated and will be removed after 2017-03-02.
Instructions for updating:
Use `tf.global_variables_initializer` instead.
WARNING:tensorflow:From ../rl_server/rl_server_no_training.py:235: The name tf.train.Saver is deprecated. Please use tf.compat.v1.train.Saver instead.

INFO:tensorflow:Restoring parameters from ../rl_server/results/pretrain_linear_reward.ckpt
INFO:__main__:Model restored.
INFO:__main__:Listening on port 8333
INFO:__main__:{'nextChunkSize': [2123065, 1431809, 957685, 611087, 398865, 155580], 'lastquality': 1, 'buffer': 4, 'bufferAdjusted': -0.5499999999999998, 'bandwidthEst': 36022.64, 'lastRequest': 0, 'RebufferTime': 15, 'lastChunkFinishTime': 1656202624003, 'lastChunkStartTime': 1656202623996, 'lastChunkSize': 450283}
INFO:__main__:{'nextChunkSize': [2177073, 1300868, 877771, 571051, 350812, 139857], 'lastquality': 5, 'buffer': 7.878582, 'bufferAdjusted': 3.328581999999999, 'bandwidthEst': 59438.837026006586, 'lastRequest': 1, 'RebufferTime': 15, 'lastChunkFinishTime': 1656202624113, 'lastChunkStartTime': 1656202624102, 'lastChunkSize': 2123065}
INFO:__main__:{'nextChunkSize': [2160877, 1520281, 933276, 617681, 382355, 155432], 'lastquality': 5, 'buffer': 11.839737, 'bufferAdjusted': 7.289736999999999, 'bandwidthEst': 76162.06577238125, 'lastRequest': 2, 'RebufferTime': 15, 'lastChunkFinishTime': 1656202624161, 'lastChunkStartTime': 1656202624147, 'lastChunkSize': 2177073}
INFO:__main__:{'nextChunkSize': [2233056, 1472558, 996749, 652874, 411561, 163442], 'lastquality': 5, 'buffer': 15.798860999999999, 'bufferAdjusted': 11.248860999999998, 'bandwidthEst': 88545.77158671166, 'lastRequest': 3, 'RebufferTime': 15, 'lastChunkFinishTime': 1656202624198, 'lastChunkStartTime': 1656202624189, 'lastChunkSize': 2160877}
INFO:__main__:{'nextChunkSize': [1941625, 1224260, 801058, 520315, 318564, 126289], 'lastquality': 5, 'buffer': 19.753548, 'bufferAdjusted': 15.203548000000001, 'bandwidthEst': 98479.30951990238, 'lastRequest': 4, 'RebufferTime': 15, 'lastChunkFinishTime': 1656202624241, 'lastChunkStartTime': 1656202624230, 'lastChunkSize': 2233056}
INFO:__main__:{'nextChunkSize': [2157535, 1388403, 905515, 561791, 352642, 153295], 'lastquality': 5, 'buffer': 23.709487999999997, 'bufferAdjusted': 19.159488, 'bandwidthEst': 169781.17179045072, 'lastRequest': 5, 'RebufferTime': 15, 'lastChunkFinishTime': 1656202624287, 'lastChunkStartTime': 1656202624277, 'lastChunkSize': 1941625}
INFO:__main__:{'nextChunkSize': [2290172, 1638769, 1060487, 709534, 437162, 173849], 'lastquality': 5, 'buffer': 27.662965, 'bufferAdjusted': 23.112965000000003, 'bandwidthEst': 170325.20900556562, 'lastRequest': 6, 'RebufferTime': 15, 'lastChunkFinishTime': 1656202624332, 'lastChunkStartTime': 1656202624320, 'lastChunkSize': 2157535}
INFO:__main__:{'nextChunkSize': [2055469, 1348011, 852833, 584846, 374758, 150710], 'lastquality': 5, 'buffer': 31.618129999999997, 'bufferAdjusted': 27.06813, 'bandwidthEst': 171986.44306478256, 'lastRequest': 7, 'RebufferTime': 15, 'lastChunkFinishTime': 1656202624378, 'lastChunkStartTime': 1656202624366, 'lastChunkSize': 2290172}
INFO:__main__:{'nextChunkSize': [2169201, 1429765, 913888, 560821, 362795, 139105], 'lastquality': 5, 'buffer': 35.573789, 'bufferAdjusted': 31.023789, 'bandwidthEst': 170249.23440366762, 'lastRequest': 8, 'RebufferTime': 15, 'lastChunkFinishTime': 1656202624423, 'lastChunkStartTime': 1656202624411, 'lastChunkSize': 2055469}
INFO:__main__:{'nextChunkSize': [2173522, 1354548, 939819, 607410, 353220, 141840], 'lastquality': 5, 'buffer': 39.527124, 'bufferAdjusted': 34.977124, 'bandwidthEst': 169299.33867056607, 'lastRequest': 9, 'RebufferTime': 15, 'lastChunkFinishTime': 1656202624468, 'lastChunkStartTime': 1656202624456, 'lastChunkSize': 2169201}
INFO:__main__:{'nextChunkSize': [2102452, 1519951, 917428, 594078, 405134, 156148], 'lastquality': 5, 'buffer': 43.481266, 'bufferAdjusted': 38.931266, 'bandwidthEst': 173330.55526620633, 'lastRequest': 10, 'RebufferTime': 15, 'lastChunkFinishTime': 1656202624514, 'lastChunkStartTime': 1656202624503, 'lastChunkSize': 2173522}
INFO:__main__:{'nextChunkSize': [2209463, 1422919, 946851, 624282, 386351, 160746], 'lastquality': 5, 'buffer': 47.434667, 'bufferAdjusted': 42.884667, 'bandwidthEst': 172423.26833297373, 'lastRequest': 11, 'RebufferTime': 15, 'lastChunkFinishTime': 1656202624561, 'lastChunkStartTime': 1656202624549, 'lastChunkSize': 2102452}
INFO:__main__:{'nextChunkSize': [2275376, 1578343, 1036454, 687371, 434409, 179801], 'lastquality': 5, 'buffer': 51.389755, 'bufferAdjusted': 46.839755000000004, 'bandwidthEst': 171245.8707972757, 'lastRequest': 12, 'RebufferTime': 15, 'lastChunkFinishTime': 1656202624607, 'lastChunkStartTime': 1656202624595, 'lastChunkSize': 2209463}
INFO:__main__:{'nextChunkSize': [2005399, 1231445, 821631, 526950, 337059, 140051], 'lastquality': 5, 'buffer': 55.341001, 'bufferAdjusted': 50.791001, 'bandwidthEst': 174763.79545928404, 'lastRequest': 13, 'RebufferTime': 15, 'lastChunkFinishTime': 1656202624653, 'lastChunkStartTime': 1656202624641, 'lastChunkSize': 2275376}
INFO:__main__:{'nextChunkSize': [2152483, 1471065, 923170, 587876, 366214, 138313], 'lastquality': 5, 'buffer': 59.296741999999995, 'bufferAdjusted': 54.746742, 'bandwidthEst': 171935.17408040512, 'lastRequest': 14, 'RebufferTime': 15, 'lastChunkFinishTime': 1656202624700, 'lastChunkStartTime': 1656202624689, 'lastChunkSize': 2005399}
INFO:__main__:{'nextChunkSize': [2289689, 1491626, 966699, 617242, 360831, 143509], 'lastquality': 5, 'buffer': 59.917377, 'bufferAdjusted': 55.367377000000005, 'bandwidthEst': 171603.4689968361, 'lastRequest': 15, 'RebufferTime': 15, 'lastChunkFinishTime': 1656202624745, 'lastChunkStartTime': 1656202624733, 'lastChunkSize': 2152483}
INFO:__main__:{'nextChunkSize': [2059512, 1358801, 885714, 581493, 372963, 150616], 'lastquality': 5, 'buffer': 59.914448, 'bufferAdjusted': 55.364448, 'bandwidthEst': 174515.45342649095, 'lastRequest': 16, 'RebufferTime': 15, 'lastChunkFinishTime': 1656202628300, 'lastChunkStartTime': 1656202628289, 'lastChunkSize': 2289689}
INFO:__main__:{'nextChunkSize': [2220726, 1537156, 987708, 639204, 405596, 165384], 'lastquality': 5, 'buffer': 59.661429, 'bufferAdjusted': 55.111429, 'bandwidthEst': 172041.98343486103, 'lastRequest': 17, 'RebufferTime': 15, 'lastChunkFinishTime': 1656202632360, 'lastChunkStartTime': 1656202632349, 'lastChunkSize': 2059512}
INFO:__main__:{'nextChunkSize': [2156729, 1336050, 923755, 586839, 350713, 140881], 'lastquality': 5, 'buffer': 59.658617, 'bufferAdjusted': 55.108617, 'bandwidthEst': 171245.3924983071, 'lastRequest': 18, 'RebufferTime': 15, 'lastChunkFinishTime': 1656202636418, 'lastChunkStartTime': 1656202636405, 'lastChunkSize': 2220726}
INFO:__main__:{'nextChunkSize': [2039773, 1415116, 891604, 601738, 386472, 157671], 'lastquality': 5, 'buffer': 59.655665, 'bufferAdjusted': 55.105665, 'bandwidthEst': 173849.51279130066, 'lastRequest': 19, 'RebufferTime': 15, 'lastChunkFinishTime': 1656202640478, 'lastChunkStartTime': 1656202640466, 'lastChunkSize': 2156729}
INFO:__main__:{'nextChunkSize': [2176469, 1468126, 955231, 616206, 399894, 157812], 'lastquality': 5, 'buffer': 59.653022, 'bufferAdjusted': 55.103022, 'bandwidthEst': 171931.24525945933, 'lastRequest': 20, 'RebufferTime': 15, 'lastChunkFinishTime': 1656202644537, 'lastChunkStartTime': 1656202644525, 'lastChunkSize': 2039773}
INFO:__main__:{'nextChunkSize': [2221506, 1505760, 968026, 656471, 401853, 163927], 'lastquality': 5, 'buffer': 59.898602, 'bufferAdjusted': 55.348602, 'bandwidthEst': 170268.50919015484, 'lastRequest': 21, 'RebufferTime': 15, 'lastChunkFinishTime': 1656202648600, 'lastChunkStartTime': 1656202648588, 'lastChunkSize': 2176469}
INFO:__main__:{'nextChunkSize': [2044075, 1323990, 874175, 536667, 343800, 137654], 'lastquality': 5, 'buffer': 59.895512, 'bufferAdjusted': 55.345512, 'bandwidthEst': 172874.0096813565, 'lastRequest': 22, 'RebufferTime': 15, 'lastChunkFinishTime': 1656202652158, 'lastChunkStartTime': 1656202652146, 'lastChunkSize': 2221506}
INFO:__main__:{'nextChunkSize': [2186790, 1383735, 897976, 587236, 359903, 146754], 'lastquality': 5, 'buffer': 59.892416, 'bufferAdjusted': 55.342416, 'bandwidthEst': 170014.5751028835, 'lastRequest': 23, 'RebufferTime': 15, 'lastChunkFinishTime': 1656202656217, 'lastChunkStartTime': 1656202656205, 'lastChunkSize': 2044075}
INFO:__main__:{'nextChunkSize': [2105231, 1480464, 905935, 590335, 379700, 153938], 'lastquality': 5, 'buffer': 59.889534999999995, 'bufferAdjusted': 55.339535, 'bandwidthEst': 170476.4147713576, 'lastRequest': 24, 'RebufferTime': 15, 'lastChunkFinishTime': 1656202660278, 'lastChunkStartTime': 1656202660265, 'lastChunkSize': 2186790}
INFO:__main__:{'nextChunkSize': [2395588, 1547572, 1076599, 696376, 425781, 181901], 'lastquality': 5, 'buffer': 59.886469, 'bufferAdjusted': 55.336469, 'bandwidthEst': 171591.17223714766, 'lastRequest': 25, 'RebufferTime': 15, 'lastChunkFinishTime': 1656202664337, 'lastChunkStartTime': 1656202664324, 'lastChunkSize': 2105231}
INFO:__main__:{'nextChunkSize': [1972048, 1141971, 758197, 487160, 277716, 111155], 'lastquality': 5, 'buffer': 59.629794, 'bufferAdjusted': 55.079794, 'bandwidthEst': 174741.43123647256, 'lastRequest': 26, 'RebufferTime': 15, 'lastChunkFinishTime': 1656202668395, 'lastChunkStartTime': 1656202668383, 'lastChunkSize': 2395588}
ERROR:__main__:Keyboard interrupted.
-------- [ 25-06-2022 20:28 ] --------
